This file contains any messages produced by compilers while
running configure, to aid debugging if configure makes a mistake.

It was created by Protocol Buffers configure 2.6.1, which was
generated by GNU Autoconf 2.69.  Invocation command line was

  $ ./configure --disable-shared

## --------- ##
## Platform. ##
## --------- ##

hostname = thinkpad
uname -m = i686
uname -r = 1.0.19(0.48/3/2)
uname -s = MINGW32_NT-5.1
uname -v = 2016-07-13 17:45

/usr/bin/uname -p = unknown
/bin/uname -X     = unknown

/bin/arch              = unknown
/usr/bin/arch -k       = unknown
/usr/convex/getsysinfo = unknown
/usr/bin/hostinfo      = unknown
/bin/machine           = unknown
/usr/bin/oslevel       = unknown
/bin/universe          = unknown

PATH: .
PATH: /usr/local/bin
PATH: /mingw/bin
PATH: /bin
PATH: /c/mingw32/bin
PATH: /c/WINDOWS/system32
PATH: /c/WINDOWS
PATH: /c/WINDOWS/System32/Wbem
PATH: /c/WINDOWS/System32/WindowsPowerShell/v1.0/


## ----------- ##
## Core tests. ##
## ----------- ##

configure:2483: checking whether to enable maintainer-specific portions of Makefiles
configure:2492: result: yes
configure:2553: checking build system type
configure:2567: result: i686-pc-mingw32
configure:2587: checking host system type
configure:2600: result: i686-pc-mingw32
configure:2620: checking target system type
configure:2633: result: i686-pc-mingw32
configure:2676: checking for a BSD-compatible install
configure:2744: result: /bin/install -c
configure:2755: checking whether build environment is sane
configure:2810: result: yes
configure:2961: checking for a thread-safe mkdir -p
configure:3000: result: /bin/mkdir -p
configure:3007: checking for gawk
configure:3023: found /bin/gawk
configure:3034: result: gawk
configure:3045: checking whether make sets $(MAKE)
configure:3067: result: yes
configure:3096: checking whether make supports nested variables
configure:3113: result: yes
configure:3306: checking for gcc
configure:3322: found /c/mingw32/bin/gcc
configure:3333: result: gcc
configure:3562: checking for C compiler version
configure:3571: gcc --version >&5
gcc.exe (i686-posix-dwarf-rev1, Built by MinGW-W64 project) 4.9.2
Copyright (C) 2014 Free Software Foundation, Inc.
This is free software; see the source for copying conditions.  There is NO
warranty; not even for MERCHANTABILITY or FITNESS FOR A PARTICULAR PURPOSE.

configure:3582: $? = 0
configure:3571: gcc -v >&5
Using built-in specs.
COLLECT_GCC=c:\mingw32\bin\gcc.exe
COLLECT_LTO_WRAPPER=c:/mingw32/bin/../libexec/gcc/i686-w64-mingw32/4.9.2/lto-wrapper.exe
Target: i686-w64-mingw32
Configured with: ../../../src/gcc-4.9.2/configure --host=i686-w64-mingw32 --build=i686-w64-mingw32 --target=i686-w64-mingw32 --prefix=/mingw32 --with-sysroot=/c/mingw492/i686-492-posix-dwarf-rt_v3-rev1/mingw32 --with-gxx-include-dir=/mingw32/i686-w64-mingw32/include/c++ --enable-shared --enable-static --disable-multilib --enable-languages=ada,c,c++,fortran,objc,obj-c++,lto --enable-libstdcxx-time=yes --enable-threads=posix --enable-libgomp --enable-libatomic --enable-lto --enable-graphite --enable-checking=release --enable-fully-dynamic-string --enable-version-specific-runtime-libs --disable-sjlj-exceptions --with-dwarf2 --disable-isl-version-check --disable-cloog-version-check --disable-libstdcxx-pch --disable-libstdcxx-debug --enable-bootstrap --disable-rpath --disable-win32-registry --disable-nls --disable-werror --disable-symvers --with-gnu-as --with-gnu-ld --with-arch=i686 --with-tune=generic --with-libiconv --with-system-zlib --with-gmp=/c/mingw492/prerequisites/i686-w64-mingw32-static --with-mpfr=/c/mingw492/prerequisites/i686-w64-mingw32-static --with-mpc=/c/mingw492/prerequisites/i686-w64-mingw32-static --with-isl=/c/mingw492/prerequisites/i686-w64-mingw32-static --with-cloog=/c/mingw492/prerequisites/i686-w64-mingw32-static --enable-cloog-backend=isl --with-pkgversion='i686-posix-dwarf-rev1, Built by MinGW-W64 project' --with-bugurl=http://sourceforge.net/projects/mingw-w64 CFLAGS='-O2 -pipe -I/c/mingw492/i686-492-posix-dwarf-rt_v3-rev1/mingw32/opt/include -I/c/mingw492/prerequisites/i686-zlib-static/include -I/c/mingw492/prerequisites/i686-w64-mingw32-static/include' CXXFLAGS='-O2 -pipe -I/c/mingw492/i686-492-posix-dwarf-rt_v3-rev1/mingw32/opt/include -I/c/mingw492/prerequisites/i686-zlib-static/include -I/c/mingw492/prerequisites/i686-w64-mingw32-static/include' CPPFLAGS= LDFLAGS='-pipe -L/c/mingw492/i686-492-posix-dwarf-rt_v3-rev1/mingw32/opt/lib -L/c/mingw492/prerequisites/i686-zlib-static/lib -L/c/mingw492/prerequisites/i686-w64-mingw32-static/lib -Wl,--large-address-aware'
Thread model: posix
gcc version 4.9.2 (i686-posix-dwarf-rev1, Built by MinGW-W64 project) 
configure:3582: $? = 0
configure:3571: gcc -V >&5
gcc.exe: error: unrecognized command line option '-V'
gcc.exe: fatal error: no input files
compilation terminated.
configure:3582: $? = 1
configure:3571: gcc -qversion >&5
gcc.exe: error: unrecognized command line option '-qversion'
gcc.exe: fatal error: no input files
compilation terminated.
configure:3582: $? = 1
configure:3602: checking whether the C compiler works
configure:3624: gcc    conftest.c  >&5
configure:3628: $? = 0
configure:3676: result: yes
configure:3679: checking for C compiler default output file name
configure:3681: result: a.exe
configure:3687: checking for suffix of executables
configure:3694: gcc -o conftest.exe    conftest.c  >&5
configure:3698: $? = 0
configure:3720: result: .exe
configure:3742: checking whether we are cross compiling
configure:3750: gcc -o conftest.exe    conftest.c  >&5
configure:3754: $? = 0
configure:3761: ./conftest.exe
configure:3765: $? = 0
configure:3780: result: no
configure:3785: checking for suffix of object files
configure:3807: gcc -c   conftest.c >&5
configure:3811: $? = 0
configure:3832: result: o
configure:3836: checking whether we are using the GNU C compiler
configure:3855: gcc -c   conftest.c >&5
configure:3855: $? = 0
configure:3864: result: yes
configure:3873: checking whether gcc accepts -g
configure:3893: gcc -c -g  conftest.c >&5
configure:3893: $? = 0
configure:3934: result: yes
configure:3951: checking for gcc option to accept ISO C89
configure:4014: gcc  -c   conftest.c >&5
configure:4014: $? = 0
configure:4027: result: none needed
configure:4052: checking whether gcc understands -c and -o together
configure:4074: gcc -c conftest.c -o conftest2.o
configure:4077: $? = 0
configure:4074: gcc -c conftest.c -o conftest2.o
configure:4077: $? = 0
configure:4089: result: yes
configure:4117: checking for style of include used by make
configure:4145: result: GNU
configure:4171: checking dependency style of gcc
configure:4282: result: gcc3
configure:4355: checking for g++
configure:4371: found /c/mingw32/bin/g++
configure:4382: result: g++
configure:4409: checking for C++ compiler version
configure:4418: g++ --version >&5
g++.exe (i686-posix-dwarf-rev1, Built by MinGW-W64 project) 4.9.2
Copyright (C) 2014 Free Software Foundation, Inc.
This is free software; see the source for copying conditions.  There is NO
warranty; not even for MERCHANTABILITY or FITNESS FOR A PARTICULAR PURPOSE.

configure:4429: $? = 0
configure:4418: g++ -v >&5
Using built-in specs.
COLLECT_GCC=c:\mingw32\bin\g++.exe
COLLECT_LTO_WRAPPER=c:/mingw32/bin/../libexec/gcc/i686-w64-mingw32/4.9.2/lto-wrapper.exe
Target: i686-w64-mingw32
Configured with: ../../../src/gcc-4.9.2/configure --host=i686-w64-mingw32 --build=i686-w64-mingw32 --target=i686-w64-mingw32 --prefix=/mingw32 --with-sysroot=/c/mingw492/i686-492-posix-dwarf-rt_v3-rev1/mingw32 --with-gxx-include-dir=/mingw32/i686-w64-mingw32/include/c++ --enable-shared --enable-static --disable-multilib --enable-languages=ada,c,c++,fortran,objc,obj-c++,lto --enable-libstdcxx-time=yes --enable-threads=posix --enable-libgomp --enable-libatomic --enable-lto --enable-graphite --enable-checking=release --enable-fully-dynamic-string --enable-version-specific-runtime-libs --disable-sjlj-exceptions --with-dwarf2 --disable-isl-version-check --disable-cloog-version-check --disable-libstdcxx-pch --disable-libstdcxx-debug --enable-bootstrap --disable-rpath --disable-win32-registry --disable-nls --disable-werror --disable-symvers --with-gnu-as --with-gnu-ld --with-arch=i686 --with-tune=generic --with-libiconv --with-system-zlib --with-gmp=/c/mingw492/prerequisites/i686-w64-mingw32-static --with-mpfr=/c/mingw492/prerequisites/i686-w64-mingw32-static --with-mpc=/c/mingw492/prerequisites/i686-w64-mingw32-static --with-isl=/c/mingw492/prerequisites/i686-w64-mingw32-static --with-cloog=/c/mingw492/prerequisites/i686-w64-mingw32-static --enable-cloog-backend=isl --with-pkgversion='i686-posix-dwarf-rev1, Built by MinGW-W64 project' --with-bugurl=http://sourceforge.net/projects/mingw-w64 CFLAGS='-O2 -pipe -I/c/mingw492/i686-492-posix-dwarf-rt_v3-rev1/mingw32/opt/include -I/c/mingw492/prerequisites/i686-zlib-static/include -I/c/mingw492/prerequisites/i686-w64-mingw32-static/include' CXXFLAGS='-O2 -pipe -I/c/mingw492/i686-492-posix-dwarf-rt_v3-rev1/mingw32/opt/include -I/c/mingw492/prerequisites/i686-zlib-static/include -I/c/mingw492/prerequisites/i686-w64-mingw32-static/include' CPPFLAGS= LDFLAGS='-pipe -L/c/mingw492/i686-492-posix-dwarf-rt_v3-rev1/mingw32/opt/lib -L/c/mingw492/prerequisites/i686-zlib-static/lib -L/c/mingw492/prerequisites/i686-w64-mingw32-static/lib -Wl,--large-address-aware'
Thread model: posix
gcc version 4.9.2 (i686-posix-dwarf-rev1, Built by MinGW-W64 project) 
configure:4429: $? = 0
configure:4418: g++ -V >&5
g++.exe: error: unrecognized command line option '-V'
g++.exe: fatal error: no input files
compilation terminated.
configure:4429: $? = 1
configure:4418: g++ -qversion >&5
g++.exe: error: unrecognized command line option '-qversion'
g++.exe: fatal error: no input files
compilation terminated.
configure:4429: $? = 1
configure:4433: checking whether we are using the GNU C++ compiler
configure:4452: g++ -c   conftest.cpp >&5
configure:4452: $? = 0
configure:4461: result: yes
configure:4470: checking whether g++ accepts -g
configure:4490: g++ -c -g  conftest.cpp >&5
configure:4490: $? = 0
configure:4531: result: yes
configure:4556: checking dependency style of g++
configure:4667: result: gcc3
configure:4694: checking how to run the C++ preprocessor
configure:4721: g++ -E  conftest.cpp
configure:4721: $? = 0
configure:4735: g++ -E  conftest.cpp
conftest.cpp:11:28: fatal error: ac_nonexistent.h: No such file or directory
 #include <ac_nonexistent.h>
                            ^
compilation terminated.
configure:4735: $? = 1
configure: failed program was:
| /* confdefs.h */
| #define PACKAGE_NAME "Protocol Buffers"
| #define PACKAGE_TARNAME "protobuf"
| #define PACKAGE_VERSION "2.6.1"
| #define PACKAGE_STRING "Protocol Buffers 2.6.1"
| #define PACKAGE_BUGREPORT "protobuf@googlegroups.com"
| #define PACKAGE_URL ""
| #define PACKAGE "protobuf"
| #define VERSION "2.6.1"
| /* end confdefs.h.  */
| #include <ac_nonexistent.h>
configure:4760: result: g++ -E
configure:4780: g++ -E  conftest.cpp
configure:4780: $? = 0
configure:4794: g++ -E  conftest.cpp
conftest.cpp:11:28: fatal error: ac_nonexistent.h: No such file or directory
 #include <ac_nonexistent.h>
                            ^
compilation terminated.
configure:4794: $? = 1
configure: failed program was:
| /* confdefs.h */
| #define PACKAGE_NAME "Protocol Buffers"
| #define PACKAGE_TARNAME "protobuf"
| #define PACKAGE_VERSION "2.6.1"
| #define PACKAGE_STRING "Protocol Buffers 2.6.1"
| #define PACKAGE_BUGREPORT "protobuf@googlegroups.com"
| #define PACKAGE_URL ""
| #define PACKAGE "protobuf"
| #define VERSION "2.6.1"
| /* end confdefs.h.  */
| #include <ac_nonexistent.h>
configure:4823: checking for grep that handles long lines and -e
configure:4881: result: /bin/grep
configure:4886: checking for egrep
configure:4948: result: /bin/grep -E
configure:4953: checking for ANSI C header files
configure:4973: g++ -c   conftest.cpp >&5
configure:4973: $? = 0
configure:5046: g++ -o conftest.exe    conftest.cpp  >&5
configure:5046: $? = 0
configure:5046: ./conftest.exe
configure:5046: $? = 0
configure:5057: result: yes
configure:5070: checking for sys/types.h
configure:5070: g++ -c   conftest.cpp >&5
configure:5070: $? = 0
configure:5070: result: yes
configure:5070: checking for sys/stat.h
configure:5070: g++ -c   conftest.cpp >&5
configure:5070: $? = 0
configure:5070: result: yes
configure:5070: checking for stdlib.h
configure:5070: g++ -c   conftest.cpp >&5
configure:5070: $? = 0
configure:5070: result: yes
configure:5070: checking for string.h
configure:5070: g++ -c   conftest.cpp >&5
configure:5070: $? = 0
configure:5070: result: yes
configure:5070: checking for memory.h
configure:5070: g++ -c   conftest.cpp >&5
configure:5070: $? = 0
configure:5070: result: yes
configure:5070: checking for strings.h
configure:5070: g++ -c   conftest.cpp >&5
configure:5070: $? = 0
configure:5070: result: yes
configure:5070: checking for inttypes.h
configure:5070: g++ -c   conftest.cpp >&5
configure:5070: $? = 0
configure:5070: result: yes
configure:5070: checking for stdint.h
configure:5070: g++ -c   conftest.cpp >&5
configure:5070: $? = 0
configure:5070: result: yes
configure:5070: checking for unistd.h
configure:5070: g++ -c   conftest.cpp >&5
configure:5070: $? = 0
configure:5070: result: yes
configure:5083: checking minix/config.h usability
configure:5083: g++ -c   conftest.cpp >&5
conftest.cpp:54:26: fatal error: minix/config.h: No such file or directory
 #include <minix/config.h>
                          ^
compilation terminated.
configure:5083: $? = 1
configure: failed program was:
| /* confdefs.h */
| #define PACKAGE_NAME "Protocol Buffers"
| #define PACKAGE_TARNAME "protobuf"
| #define PACKAGE_VERSION "2.6.1"
| #define PACKAGE_STRING "Protocol Buffers 2.6.1"
| #define PACKAGE_BUGREPORT "protobuf@googlegroups.com"
| #define PACKAGE_URL ""
| #define PACKAGE "protobuf"
| #define VERSION "2.6.1"
| #define STDC_HEADERS 1
| #define HAVE_SYS_TYPES_H 1
| #define HAVE_SYS_STAT_H 1
| #define HAVE_STDLIB_H 1
| #define HAVE_STRING_H 1
| #define HAVE_MEMORY_H 1
| #define HAVE_STRINGS_H 1
| #define HAVE_INTTYPES_H 1
| #define HAVE_STDINT_H 1
| #define HAVE_UNISTD_H 1
| /* end confdefs.h.  */
| #include <stdio.h>
| #ifdef HAVE_SYS_TYPES_H
| # include <sys/types.h>
| #endif
| #ifdef HAVE_SYS_STAT_H
| # include <sys/stat.h>
| #endif
| #ifdef STDC_HEADERS
| # include <stdlib.h>
| # include <stddef.h>
| #else
| # ifdef HAVE_STDLIB_H
| #  include <stdlib.h>
| # endif
| #endif
| #ifdef HAVE_STRING_H
| # if !defined STDC_HEADERS && defined HAVE_MEMORY_H
| #  include <memory.h>
| # endif
| # include <string.h>
| #endif
| #ifdef HAVE_STRINGS_H
| # include <strings.h>
| #endif
| #ifdef HAVE_INTTYPES_H
| # include <inttypes.h>
| #endif
| #ifdef HAVE_STDINT_H
| # include <stdint.h>
| #endif
| #ifdef HAVE_UNISTD_H
| # include <unistd.h>
| #endif
| #include <minix/config.h>
configure:5083: result: no
configure:5083: checking minix/config.h presence
configure:5083: g++ -E  conftest.cpp
conftest.cpp:21:26: fatal error: minix/config.h: No such file or directory
 #include <minix/config.h>
                          ^
compilation terminated.
configure:5083: $? = 1
configure: failed program was:
| /* confdefs.h */
| #define PACKAGE_NAME "Protocol Buffers"
| #define PACKAGE_TARNAME "protobuf"
| #define PACKAGE_VERSION "2.6.1"
| #define PACKAGE_STRING "Protocol Buffers 2.6.1"
| #define PACKAGE_BUGREPORT "protobuf@googlegroups.com"
| #define PACKAGE_URL ""
| #define PACKAGE "protobuf"
| #define VERSION "2.6.1"
| #define STDC_HEADERS 1
| #define HAVE_SYS_TYPES_H 1
| #define HAVE_SYS_STAT_H 1
| #define HAVE_STDLIB_H 1
| #define HAVE_STRING_H 1
| #define HAVE_MEMORY_H 1
| #define HAVE_STRINGS_H 1
| #define HAVE_INTTYPES_H 1
| #define HAVE_STDINT_H 1
| #define HAVE_UNISTD_H 1
| /* end confdefs.h.  */
| #include <minix/config.h>
configure:5083: result: no
configure:5083: checking for minix/config.h
configure:5083: result: no
configure:5104: checking whether it is safe to define __EXTENSIONS__
configure:5122: g++ -c   conftest.cpp >&5
configure:5122: $? = 0
configure:5129: result: yes
configure:5158: checking C++ compiler flags...
configure:5174: result: use default: -O2  -g -DNDEBUG
configure:5194: checking whether __SUNPRO_CC is declared
configure:5194: g++ -c  -g -DNDEBUG  conftest.cpp >&5
conftest.cpp: In function 'int main()':
conftest.cpp:64:10: error: '__SUNPRO_CC' was not declared in this scope
   (void) __SUNPRO_CC;
          ^
configure:5194: $? = 1
configure: failed program was:
| /* confdefs.h */
| #define PACKAGE_NAME "Protocol Buffers"
| #define PACKAGE_TARNAME "protobuf"
| #define PACKAGE_VERSION "2.6.1"
| #define PACKAGE_STRING "Protocol Buffers 2.6.1"
| #define PACKAGE_BUGREPORT "protobuf@googlegroups.com"
| #define PACKAGE_URL ""
| #define PACKAGE "protobuf"
| #define VERSION "2.6.1"
| #define STDC_HEADERS 1
| #define HAVE_SYS_TYPES_H 1
| #define HAVE_SYS_STAT_H 1
| #define HAVE_STDLIB_H 1
| #define HAVE_STRING_H 1
| #define HAVE_MEMORY_H 1
| #define HAVE_STRINGS_H 1
| #define HAVE_INTTYPES_H 1
| #define HAVE_STDINT_H 1
| #define HAVE_UNISTD_H 1
| #define __EXTENSIONS__ 1
| #define _ALL_SOURCE 1
| #define _GNU_SOURCE 1
| #define _POSIX_PTHREAD_SEMANTICS 1
| #define _TANDEM_SOURCE 1
| /* end confdefs.h.  */
| #include <stdio.h>
| #ifdef HAVE_SYS_TYPES_H
| # include <sys/types.h>
| #endif
| #ifdef HAVE_SYS_STAT_H
| # include <sys/stat.h>
| #endif
| #ifdef STDC_HEADERS
| # include <stdlib.h>
| # include <stddef.h>
| #else
| # ifdef HAVE_STDLIB_H
| #  include <stdlib.h>
| # endif
| #endif
| #ifdef HAVE_STRING_H
| # if !defined STDC_HEADERS && defined HAVE_MEMORY_H
| #  include <memory.h>
| # endif
| # include <string.h>
| #endif
| #ifdef HAVE_STRINGS_H
| # include <strings.h>
| #endif
| #ifdef HAVE_INTTYPES_H
| # include <inttypes.h>
| #endif
| #ifdef HAVE_STDINT_H
| # include <stdint.h>
| #endif
| #ifdef HAVE_UNISTD_H
| # include <unistd.h>
| #endif
| int
| main ()
| {
| #ifndef __SUNPRO_CC
| #ifdef __cplusplus
|   (void) __SUNPRO_CC;
| #else
|   (void) __SUNPRO_CC;
| #endif
| #endif
| 
|   ;
|   return 0;
| }
configure:5194: result: no
configure:5369: checking how to print strings
configure:5396: result: printf
configure:5417: checking for a sed that does not truncate output
configure:5481: result: /bin/sed
configure:5499: checking for fgrep
configure:5561: result: /bin/grep -F
configure:5596: checking for ld used by gcc
configure:5663: result: c:/mingw32/i686-w64-mingw32/bin/ld.exe
configure:5670: checking if the linker (c:/mingw32/i686-w64-mingw32/bin/ld.exe) is GNU ld
configure:5685: result: yes
configure:5697: checking for BSD- or MS-compatible name lister (nm)
configure:5746: result: /c/mingw32/bin/nm
configure:5876: checking the name lister (/c/mingw32/bin/nm) interface
configure:5883: g++ -c  -g -DNDEBUG  conftest.cpp >&5
configure:5886: /c/mingw32/bin/nm "conftest.o"
configure:5889: output
00000000 b .bss
00000000 d .data
00000000 N .debug_abbrev
00000000 N .debug_aranges
00000000 N .debug_info
00000000 N .debug_line
00000000 r .rdata$zzz
00000000 t .text
00000000 B _some_variable
configure:5896: result: BSD nm
configure:5899: checking whether ln -s works
configure:5906: result: no, using cp -pR
configure:5911: checking the maximum length of command line arguments
configure:6042: result: 8192
configure:6059: checking whether the shell understands some XSI constructs
configure:6069: result: yes
configure:6073: checking whether the shell understands "+="
configure:6079: result: yes
configure:6114: checking how to convert i686-pc-mingw32 file names to i686-pc-mingw32 format
configure:6154: result: func_convert_file_msys_to_w32
configure:6161: checking how to convert i686-pc-mingw32 file names to toolchain format
configure:6181: result: func_convert_file_msys_to_w32
configure:6188: checking for c:/mingw32/i686-w64-mingw32/bin/ld.exe option to reload object files
configure:6195: result: -r
configure:6269: checking for objdump
configure:6285: found /c/mingw32/bin/objdump
configure:6296: result: objdump
configure:6328: checking how to recognize dependent libraries
configure:6526: result: file_magic ^x86 archive import|^x86 DLL
configure:6611: checking for dlltool
configure:6627: found /c/mingw32/bin/dlltool
configure:6638: result: dlltool
configure:6671: checking how to associate runtime and link libraries
configure:6698: result: func_cygming_dll_for_implib
configure:6758: checking for ar
configure:6774: found /c/mingw32/bin/ar
configure:6785: result: ar
configure:6822: checking for archiver @FILE support
configure:6839: g++ -c  -g -DNDEBUG  conftest.cpp >&5
configure:6839: $? = 0
configure:6842: ar cru libconftest.a @conftest.lst >&5
configure:6845: $? = 0
configure:6850: ar cru libconftest.a @conftest.lst >&5
c:\mingw32\bin\ar.exe: conftest.o: No such file or directory
configure:6853: $? = 1
configure:6865: result: @
configure:6923: checking for strip
configure:6939: found /c/mingw32/bin/strip
configure:6950: result: strip
configure:7022: checking for ranlib
configure:7038: found /c/mingw32/bin/ranlib
configure:7049: result: ranlib
configure:7151: checking command to parse /c/mingw32/bin/nm output from gcc object
configure:7271: g++ -c  -g -DNDEBUG  conftest.cpp >&5
configure:7274: $? = 0
configure:7278: /c/mingw32/bin/nm conftest.o \| sed -n -e 's/^.*[ ]\([ABCDGIRSTW][ABCDGIRSTW]*\)[ ][ ]*\([_A-Za-z][_A-Za-z0-9]*\)\{0,1\}$/\1 \2 \2/p' | sed '/ __gnu_lto/d' \> conftest.nm
configure:7281: $? = 0
cannot find nm_test_var in conftest.nm
configure:7271: g++ -c  -g -DNDEBUG  conftest.cpp >&5
configure:7274: $? = 0
configure:7278: /c/mingw32/bin/nm conftest.o \| sed -n -e 's/^.*[ ]\([ABCDGIRSTW][ABCDGIRSTW]*\)[ ][ ]*_\([_A-Za-z][_A-Za-z0-9]*\)\{0,1\}$/\1 _\2 \2/p' | sed '/ __gnu_lto/d' \> conftest.nm
configure:7281: $? = 0
configure:7347: g++ -o conftest.exe  -g -DNDEBUG   conftest.cpp conftstm.o >&5
configure:7350: $? = 0
configure:7388: result: ok
configure:7425: checking for sysroot
configure:7455: result: no
configure:7725: checking for mt
configure:7755: result: no
configure:7775: checking if : is a manifest tool
configure:7781: : '-?'
configure:7789: result: no
configure:8428: checking for dlfcn.h
configure:8428: g++ -c  -g -DNDEBUG  conftest.cpp >&5
conftest.cpp:60:19: fatal error: dlfcn.h: No such file or directory
 #include <dlfcn.h>
                   ^
compilation terminated.
configure:8428: $? = 1
configure: failed program was:
| /* confdefs.h */
| #define PACKAGE_NAME "Protocol Buffers"
| #define PACKAGE_TARNAME "protobuf"
| #define PACKAGE_VERSION "2.6.1"
| #define PACKAGE_STRING "Protocol Buffers 2.6.1"
| #define PACKAGE_BUGREPORT "protobuf@googlegroups.com"
| #define PACKAGE_URL ""
| #define PACKAGE "protobuf"
| #define VERSION "2.6.1"
| #define STDC_HEADERS 1
| #define HAVE_SYS_TYPES_H 1
| #define HAVE_SYS_STAT_H 1
| #define HAVE_STDLIB_H 1
| #define HAVE_STRING_H 1
| #define HAVE_MEMORY_H 1
| #define HAVE_STRINGS_H 1
| #define HAVE_INTTYPES_H 1
| #define HAVE_STDINT_H 1
| #define HAVE_UNISTD_H 1
| #define __EXTENSIONS__ 1
| #define _ALL_SOURCE 1
| #define _GNU_SOURCE 1
| #define _POSIX_PTHREAD_SEMANTICS 1
| #define _TANDEM_SOURCE 1
| /* end confdefs.h.  */
| #include <stdio.h>
| #ifdef HAVE_SYS_TYPES_H
| # include <sys/types.h>
| #endif
| #ifdef HAVE_SYS_STAT_H
| # include <sys/stat.h>
| #endif
| #ifdef STDC_HEADERS
| # include <stdlib.h>
| # include <stddef.h>
| #else
| # ifdef HAVE_STDLIB_H
| #  include <stdlib.h>
| # endif
| #endif
| #ifdef HAVE_STRING_H
| # if !defined STDC_HEADERS && defined HAVE_MEMORY_H
| #  include <memory.h>
| # endif
| # include <string.h>
| #endif
| #ifdef HAVE_STRINGS_H
| # include <strings.h>
| #endif
| #ifdef HAVE_INTTYPES_H
| # include <inttypes.h>
| #endif
| #ifdef HAVE_STDINT_H
| # include <stdint.h>
| #endif
| #ifdef HAVE_UNISTD_H
| # include <unistd.h>
| #endif
| 
| #include <dlfcn.h>
configure:8428: result: no
configure:8644: checking for objdir
configure:8659: result: .libs
configure:8930: checking if gcc supports -fno-rtti -fno-exceptions
configure:8948: gcc -c   -fno-rtti -fno-exceptions conftest.c >&5
cc1.exe: warning: command line option '-fno-rtti' is valid for C++/ObjC++ but not for C
configure:8952: $? = 0
configure:8965: result: no
configure:9292: checking for gcc option to produce PIC
configure:9299: result: -DDLL_EXPORT -DPIC
configure:9307: checking if gcc PIC flag -DDLL_EXPORT -DPIC works
configure:9325: gcc -c   -DDLL_EXPORT -DPIC -DPIC conftest.c >&5
configure:9329: $? = 0
configure:9342: result: yes
configure:9371: checking if gcc static flag -static works
configure:9399: result: yes
configure:9414: checking if gcc supports -c -o file.o
configure:9435: gcc -c   -o out/conftest2.o conftest.c >&5
configure:9439: $? = 0
configure:9461: result: yes
configure:9469: checking if gcc supports -c -o file.o
configure:9516: result: yes
configure:9549: checking whether the gcc linker (c:/mingw32/i686-w64-mingw32/bin/ld.exe) supports shared libraries
configure:10706: result: yes
configure:10946: checking dynamic linker characteristics
configure:11680: result: Win32 ld.exe
configure:11787: checking how to hardcode library paths into programs
configure:11812: result: immediate
configure:12352: checking whether stripping libraries is possible
configure:12357: result: yes
configure:12392: checking if libtool supports shared libraries
configure:12394: result: yes
configure:12397: checking whether to build shared libraries
configure:12418: result: no
configure:12421: checking whether to build static libraries
configure:12425: result: yes
configure:12448: checking how to run the C++ preprocessor
configure:12514: result: g++ -E
configure:12534: g++ -E  conftest.cpp
configure:12534: $? = 0
configure:12548: g++ -E  conftest.cpp
conftest.cpp:27:28: fatal error: ac_nonexistent.h: No such file or directory
 #include <ac_nonexistent.h>
                            ^
compilation terminated.
configure:12548: $? = 1
configure: failed program was:
| /* confdefs.h */
| #define PACKAGE_NAME "Protocol Buffers"
| #define PACKAGE_TARNAME "protobuf"
| #define PACKAGE_VERSION "2.6.1"
| #define PACKAGE_STRING "Protocol Buffers 2.6.1"
| #define PACKAGE_BUGREPORT "protobuf@googlegroups.com"
| #define PACKAGE_URL ""
| #define PACKAGE "protobuf"
| #define VERSION "2.6.1"
| #define STDC_HEADERS 1
| #define HAVE_SYS_TYPES_H 1
| #define HAVE_SYS_STAT_H 1
| #define HAVE_STDLIB_H 1
| #define HAVE_STRING_H 1
| #define HAVE_MEMORY_H 1
| #define HAVE_STRINGS_H 1
| #define HAVE_INTTYPES_H 1
| #define HAVE_STDINT_H 1
| #define HAVE_UNISTD_H 1
| #define __EXTENSIONS__ 1
| #define _ALL_SOURCE 1
| #define _GNU_SOURCE 1
| #define _POSIX_PTHREAD_SEMANTICS 1
| #define _TANDEM_SOURCE 1
| #define LT_OBJDIR ".libs/"
| /* end confdefs.h.  */
| #include <ac_nonexistent.h>
configure:12717: checking for ld used by g++
configure:12784: result: c:/mingw32/i686-w64-mingw32/bin/ld.exe
configure:12791: checking if the linker (c:/mingw32/i686-w64-mingw32/bin/ld.exe) is GNU ld
configure:12806: result: yes
configure:12861: checking whether the g++ linker (c:/mingw32/i686-w64-mingw32/bin/ld.exe) supports shared libraries
configure:13863: result: yes
configure:13899: g++ -c  -g -DNDEBUG  conftest.cpp >&5
configure:13902: $? = 0
configure:14422: checking for g++ option to produce PIC
configure:14429: result: -DDLL_EXPORT -DPIC
configure:14437: checking if g++ PIC flag -DDLL_EXPORT -DPIC works
configure:14455: g++ -c  -g -DNDEBUG  -DDLL_EXPORT -DPIC -DPIC conftest.cpp >&5
configure:14459: $? = 0
configure:14472: result: yes
configure:14495: checking if g++ static flag -static works
configure:14523: result: yes
configure:14535: checking if g++ supports -c -o file.o
configure:14556: g++ -c  -g -DNDEBUG  -o out/conftest2.o conftest.cpp >&5
configure:14560: $? = 0
configure:14582: result: yes
configure:14587: checking if g++ supports -c -o file.o
configure:14634: result: yes
configure:14664: checking whether the g++ linker (c:/mingw32/i686-w64-mingw32/bin/ld.exe) supports shared libraries
configure:14703: result: yes
configure:14844: checking dynamic linker characteristics
configure:15512: result: Win32 ld.exe
configure:15565: checking how to hardcode library paths into programs
configure:15590: result: immediate
configure:15653: checking for ANSI C header files
configure:15757: result: yes
configure:15768: checking fcntl.h usability
configure:15768: g++ -c  -g -DNDEBUG  conftest.cpp >&5
configure:15768: $? = 0
configure:15768: result: yes
configure:15768: checking fcntl.h presence
configure:15768: g++ -E  conftest.cpp
configure:15768: $? = 0
configure:15768: result: yes
configure:15768: checking for fcntl.h
configure:15768: result: yes
configure:15768: checking for inttypes.h
configure:15768: result: yes
configure:15768: checking limits.h usability
configure:15768: g++ -c  -g -DNDEBUG  conftest.cpp >&5
configure:15768: $? = 0
configure:15768: result: yes
configure:15768: checking limits.h presence
configure:15768: g++ -E  conftest.cpp
configure:15768: $? = 0
configure:15768: result: yes
configure:15768: checking for limits.h
configure:15768: result: yes
configure:15768: checking for stdlib.h
configure:15768: result: yes
configure:15768: checking for unistd.h
configure:15768: result: yes
configure:15780: checking for working memcmp
configure:15823: g++ -o conftest.exe  -g -DNDEBUG   conftest.cpp  >&5
configure:15823: $? = 0
configure:15823: ./conftest.exe
configure:15823: $? = 0
configure:15833: result: yes
configure:15842: checking for working strtod
configure:15883: g++ -o conftest.exe  -g -DNDEBUG   conftest.cpp  >&5
conftest.cpp: In function 'int main()':
conftest.cpp:75:20: warning: deprecated conversion from string constant to 'char*' [-Wwrite-strings]
     char *string = " +69";
                    ^
conftest.cpp:86:20: warning: deprecated conversion from string constant to 'char*' [-Wwrite-strings]
     char *string = "NaN";
                    ^
configure:15883: $? = 0
configure:15883: ./conftest.exe
configure:15883: $? = 0
configure:15893: result: yes
configure:15958: checking for ftruncate
configure:15958: g++ -o conftest.exe  -g -DNDEBUG   conftest.cpp  >&5
configure:15958: $? = 0
configure:15958: result: yes
configure:15958: checking for memset
configure:15958: g++ -o conftest.exe  -g -DNDEBUG   conftest.cpp  >&5
configure:15958: $? = 0
configure:15958: result: yes
configure:15958: checking for mkdir
configure:15958: g++ -o conftest.exe  -g -DNDEBUG   conftest.cpp  >&5
configure:15958: $? = 0
configure:15958: result: yes
configure:15958: checking for strchr
configure:15958: g++ -o conftest.exe  -g -DNDEBUG   conftest.cpp  >&5
configure:15958: $? = 0
configure:15958: result: yes
configure:15958: checking for strerror
configure:15958: g++ -o conftest.exe  -g -DNDEBUG   conftest.cpp  >&5
configure:15958: $? = 0
configure:15958: result: yes
configure:15958: checking for strtol
configure:15958: g++ -o conftest.exe  -g -DNDEBUG   conftest.cpp  >&5
configure:15958: $? = 0
configure:15958: result: yes
configure:15972: checking zlib version
configure:15992: g++ -c  -g -DNDEBUG  conftest.cpp >&5
configure:15992: $? = 0
configure:15994: result: ok (1.2.0.4 or later)
configure:15998: checking for library containing zlibVersion
configure:16029: g++ -o conftest.exe  -g -DNDEBUG   conftest.cpp  >&5
C:\DOCUME~1\adam\LOCALS~1\Temp\ccylKsG9.o: In function `main':
c:\deps\protobuf-2.6.1/conftest.cpp:50: undefined reference to `zlibVersion'
collect2.exe: error: ld returned 1 exit status
configure:16029: $? = 1
configure: failed program was:
| /* confdefs.h */
| #define PACKAGE_NAME "Protocol Buffers"
| #define PACKAGE_TARNAME "protobuf"
| #define PACKAGE_VERSION "2.6.1"
| #define PACKAGE_STRING "Protocol Buffers 2.6.1"
| #define PACKAGE_BUGREPORT "protobuf@googlegroups.com"
| #define PACKAGE_URL ""
| #define PACKAGE "protobuf"
| #define VERSION "2.6.1"
| #define STDC_HEADERS 1
| #define HAVE_SYS_TYPES_H 1
| #define HAVE_SYS_STAT_H 1
| #define HAVE_STDLIB_H 1
| #define HAVE_STRING_H 1
| #define HAVE_MEMORY_H 1
| #define HAVE_STRINGS_H 1
| #define HAVE_INTTYPES_H 1
| #define HAVE_STDINT_H 1
| #define HAVE_UNISTD_H 1
| #define __EXTENSIONS__ 1
| #define _ALL_SOURCE 1
| #define _GNU_SOURCE 1
| #define _POSIX_PTHREAD_SEMANTICS 1
| #define _TANDEM_SOURCE 1
| #define LT_OBJDIR ".libs/"
| #define STDC_HEADERS 1
| #define HAVE_FCNTL_H 1
| #define HAVE_INTTYPES_H 1
| #define HAVE_LIMITS_H 1
| #define HAVE_STDLIB_H 1
| #define HAVE_UNISTD_H 1
| #define HAVE_FTRUNCATE 1
| #define HAVE_MEMSET 1
| #define HAVE_MKDIR 1
| #define HAVE_STRCHR 1
| #define HAVE_STRERROR 1
| #define HAVE_STRTOL 1
| /* end confdefs.h.  */
| 
| /* Override any GCC internal prototype to avoid an error.
|    Use char because int might match the return type of a GCC
|    builtin and then its argument prototype would still apply.  */
| #ifdef __cplusplus
| extern "C"
| #endif
| char zlibVersion ();
| int
| main ()
| {
| return zlibVersion ();
|   ;
|   return 0;
| }
configure:16029: g++ -o conftest.exe  -g -DNDEBUG   conftest.cpp -lz   >&5
configure:16029: $? = 0
configure:16046: result: -lz
configure:16297: checking for the pthreads library -lpthreads
configure:16330: gcc -o conftest.exe     conftest.c -lpthreads -lz  >&5
c:/mingw32/bin/../lib/gcc/i686-w64-mingw32/4.9.2/../../../../i686-w64-mingw32/bin/ld.exe: cannot find -lpthreads
collect2.exe: error: ld returned 1 exit status
configure:16330: $? = 1
configure: failed program was:
| /* confdefs.h */
| #define PACKAGE_NAME "Protocol Buffers"
| #define PACKAGE_TARNAME "protobuf"
| #define PACKAGE_VERSION "2.6.1"
| #define PACKAGE_STRING "Protocol Buffers 2.6.1"
| #define PACKAGE_BUGREPORT "protobuf@googlegroups.com"
| #define PACKAGE_URL ""
| #define PACKAGE "protobuf"
| #define VERSION "2.6.1"
| #define STDC_HEADERS 1
| #define HAVE_SYS_TYPES_H 1
| #define HAVE_SYS_STAT_H 1
| #define HAVE_STDLIB_H 1
| #define HAVE_STRING_H 1
| #define HAVE_MEMORY_H 1
| #define HAVE_STRINGS_H 1
| #define HAVE_INTTYPES_H 1
| #define HAVE_STDINT_H 1
| #define HAVE_UNISTD_H 1
| #define __EXTENSIONS__ 1
| #define _ALL_SOURCE 1
| #define _GNU_SOURCE 1
| #define _POSIX_PTHREAD_SEMANTICS 1
| #define _TANDEM_SOURCE 1
| #define LT_OBJDIR ".libs/"
| #define STDC_HEADERS 1
| #define HAVE_FCNTL_H 1
| #define HAVE_INTTYPES_H 1
| #define HAVE_LIMITS_H 1
| #define HAVE_STDLIB_H 1
| #define HAVE_UNISTD_H 1
| #define HAVE_FTRUNCATE 1
| #define HAVE_MEMSET 1
| #define HAVE_MKDIR 1
| #define HAVE_STRCHR 1
| #define HAVE_STRERROR 1
| #define HAVE_STRTOL 1
| #define HAVE_ZLIB 1
| /* end confdefs.h.  */
| #include <pthread.h>
| int
| main ()
| {
| pthread_t th; pthread_join(th, 0);
|                      pthread_attr_init(0); pthread_cleanup_push(0, 0);
|                      pthread_create(0,0,0,0); pthread_cleanup_pop(0);
|   ;
|   return 0;
| }
configure:16339: result: no
configure:16242: checking whether pthreads work without any flags
configure:16330: gcc -o conftest.exe     conftest.c  -lz  >&5
configure:16330: $? = 0
configure:16339: result: yes
configure:16358: checking for joinable pthread attribute
configure:16373: gcc -o conftest.exe     conftest.c  -lz  >&5
configure:16373: $? = 0
configure:16379: result: PTHREAD_CREATE_JOINABLE
configure:16389: checking if more special flags are required for pthreads
configure:16396: result: no
configure:16485: checking whether to check for GCC pthread/shared inconsistencies
configure:16498: gcc -o conftest.exe -shared -fPIC -Wl,-z,defs     conftest.c  -lz  >&5
conftest.c:1:0: warning: -fPIC ignored for target (all code is position independent)
 /* confdefs.h */
 ^
c:/mingw32/bin/../lib/gcc/i686-w64-mingw32/4.9.2/../../../../i686-w64-mingw32/bin/ld.exe: unrecognized option '-z'
c:/mingw32/bin/../lib/gcc/i686-w64-mingw32/4.9.2/../../../../i686-w64-mingw32/bin/ld.exe: use the --help option for usage information
collect2.exe: error: ld returned 1 exit status
configure:16498: $? = 1
configure: failed program was:
| /* confdefs.h */
| #define PACKAGE_NAME "Protocol Buffers"
| #define PACKAGE_TARNAME "protobuf"
| #define PACKAGE_VERSION "2.6.1"
| #define PACKAGE_STRING "Protocol Buffers 2.6.1"
| #define PACKAGE_BUGREPORT "protobuf@googlegroups.com"
| #define PACKAGE_URL ""
| #define PACKAGE "protobuf"
| #define VERSION "2.6.1"
| #define STDC_HEADERS 1
| #define HAVE_SYS_TYPES_H 1
| #define HAVE_SYS_STAT_H 1
| #define HAVE_STDLIB_H 1
| #define HAVE_STRING_H 1
| #define HAVE_MEMORY_H 1
| #define HAVE_STRINGS_H 1
| #define HAVE_INTTYPES_H 1
| #define HAVE_STDINT_H 1
| #define HAVE_UNISTD_H 1
| #define __EXTENSIONS__ 1
| #define _ALL_SOURCE 1
| #define _GNU_SOURCE 1
| #define _POSIX_PTHREAD_SEMANTICS 1
| #define _TANDEM_SOURCE 1
| #define LT_OBJDIR ".libs/"
| #define STDC_HEADERS 1
| #define HAVE_FCNTL_H 1
| #define HAVE_INTTYPES_H 1
| #define HAVE_LIMITS_H 1
| #define HAVE_STDLIB_H 1
| #define HAVE_UNISTD_H 1
| #define HAVE_FTRUNCATE 1
| #define HAVE_MEMSET 1
| #define HAVE_MKDIR 1
| #define HAVE_STRCHR 1
| #define HAVE_STRERROR 1
| #define HAVE_STRTOL 1
| #define HAVE_ZLIB 1
| /* end confdefs.h.  */
| 
| int
| main ()
| {
| 
|   ;
|   return 0;
| }
configure:16507: result: no
configure:16626: checking whether what we have so far is sufficient with -nostdlib
configure:16644: gcc -o conftest.exe -nostdlib -shared -fPIC -Wl,-z,defs     conftest.c  -lz  -lc >&5
conftest.c:1:0: warning: -fPIC ignored for target (all code is position independent)
 /* confdefs.h */
 ^
c:/mingw32/bin/../lib/gcc/i686-w64-mingw32/4.9.2/../../../../i686-w64-mingw32/bin/ld.exe: unrecognized option '-z'
c:/mingw32/bin/../lib/gcc/i686-w64-mingw32/4.9.2/../../../../i686-w64-mingw32/bin/ld.exe: use the --help option for usage information
collect2.exe: error: ld returned 1 exit status
configure:16644: $? = 1
configure: failed program was:
| /* confdefs.h */
| #define PACKAGE_NAME "Protocol Buffers"
| #define PACKAGE_TARNAME "protobuf"
| #define PACKAGE_VERSION "2.6.1"
| #define PACKAGE_STRING "Protocol Buffers 2.6.1"
| #define PACKAGE_BUGREPORT "protobuf@googlegroups.com"
| #define PACKAGE_URL ""
| #define PACKAGE "protobuf"
| #define VERSION "2.6.1"
| #define STDC_HEADERS 1
| #define HAVE_SYS_TYPES_H 1
| #define HAVE_SYS_STAT_H 1
| #define HAVE_STDLIB_H 1
| #define HAVE_STRING_H 1
| #define HAVE_MEMORY_H 1
| #define HAVE_STRINGS_H 1
| #define HAVE_INTTYPES_H 1
| #define HAVE_STDINT_H 1
| #define HAVE_UNISTD_H 1
| #define __EXTENSIONS__ 1
| #define _ALL_SOURCE 1
| #define _GNU_SOURCE 1
| #define _POSIX_PTHREAD_SEMANTICS 1
| #define _TANDEM_SOURCE 1
| #define LT_OBJDIR ".libs/"
| #define STDC_HEADERS 1
| #define HAVE_FCNTL_H 1
| #define HAVE_INTTYPES_H 1
| #define HAVE_LIMITS_H 1
| #define HAVE_STDLIB_H 1
| #define HAVE_UNISTD_H 1
| #define HAVE_FTRUNCATE 1
| #define HAVE_MEMSET 1
| #define HAVE_MKDIR 1
| #define HAVE_STRCHR 1
| #define HAVE_STRERROR 1
| #define HAVE_STRTOL 1
| #define HAVE_ZLIB 1
| /* end confdefs.h.  */
| #include <pthread.h>
| int
| main ()
| {
| pthread_t th; pthread_join(th, 0);
| 	       pthread_attr_init(0); pthread_cleanup_push(0, 0);
| 	       pthread_create(0,0,0,0); pthread_cleanup_pop(0);
|   ;
|   return 0;
| }
configure:16656: result: no
configure:16661: checking whether -lpthread saves the day
configure:16677: gcc -o conftest.exe -nostdlib -shared -fPIC -Wl,-z,defs     conftest.c -lpthread  -lz  -lc >&5
conftest.c:1:0: warning: -fPIC ignored for target (all code is position independent)
 /* confdefs.h */
 ^
c:/mingw32/bin/../lib/gcc/i686-w64-mingw32/4.9.2/../../../../i686-w64-mingw32/bin/ld.exe: unrecognized option '-z'
c:/mingw32/bin/../lib/gcc/i686-w64-mingw32/4.9.2/../../../../i686-w64-mingw32/bin/ld.exe: use the --help option for usage information
collect2.exe: error: ld returned 1 exit status
configure:16677: $? = 1
configure: failed program was:
| /* confdefs.h */
| #define PACKAGE_NAME "Protocol Buffers"
| #define PACKAGE_TARNAME "protobuf"
| #define PACKAGE_VERSION "2.6.1"
| #define PACKAGE_STRING "Protocol Buffers 2.6.1"
| #define PACKAGE_BUGREPORT "protobuf@googlegroups.com"
| #define PACKAGE_URL ""
| #define PACKAGE "protobuf"
| #define VERSION "2.6.1"
| #define STDC_HEADERS 1
| #define HAVE_SYS_TYPES_H 1
| #define HAVE_SYS_STAT_H 1
| #define HAVE_STDLIB_H 1
| #define HAVE_STRING_H 1
| #define HAVE_MEMORY_H 1
| #define HAVE_STRINGS_H 1
| #define HAVE_INTTYPES_H 1
| #define HAVE_STDINT_H 1
| #define HAVE_UNISTD_H 1
| #define __EXTENSIONS__ 1
| #define _ALL_SOURCE 1
| #define _GNU_SOURCE 1
| #define _POSIX_PTHREAD_SEMANTICS 1
| #define _TANDEM_SOURCE 1
| #define LT_OBJDIR ".libs/"
| #define STDC_HEADERS 1
| #define HAVE_FCNTL_H 1
| #define HAVE_INTTYPES_H 1
| #define HAVE_LIMITS_H 1
| #define HAVE_STDLIB_H 1
| #define HAVE_UNISTD_H 1
| #define HAVE_FTRUNCATE 1
| #define HAVE_MEMSET 1
| #define HAVE_MKDIR 1
| #define HAVE_STRCHR 1
| #define HAVE_STRERROR 1
| #define HAVE_STRTOL 1
| #define HAVE_ZLIB 1
| /* end confdefs.h.  */
| #include <pthread.h>
| int
| main ()
| {
| pthread_t th; pthread_join(th, 0);
| 	       pthread_attr_init(0); pthread_cleanup_push(0, 0);
| 	       pthread_create(0,0,0,0); pthread_cleanup_pop(0);
|   ;
|   return 0;
| }
configure:16690: result: no
configure:16692: WARNING: Impossible to determine how to use pthreads with shared libraries and -nostdlib
configure:16726: checking the location of hash_map
configure:16752: g++ -c  -g -DNDEBUG  conftest.cpp >&5
configure:16752: $? = 0
configure:16774: g++ -c  -g -DNDEBUG  conftest.cpp >&5
In file included from c:/mingw32/i686-w64-mingw32/include/c++/unordered_map:35:0,
                 from conftest.cpp:41:
c:/mingw32/i686-w64-mingw32/include/c++/bits/c++0x_warning.h:32:2: error: #error This file requires compiler and library support for the ISO C++ 2011 standard. This support is currently experimental, and must be enabled with the -std=c++11 or -std=gnu++11 compiler options.
 #error This file requires compiler and library support for the \
  ^
conftest.cpp: In function 'int main()':
conftest.cpp:45:12: error: 'unordered_map' in namespace 'std' does not name a template type
 const std::unordered_map<int, int> t;
            ^
conftest.cpp:46:33: error: 't' was not declared in this scope
                          return t.find(5) == t.end();
                                 ^
configure:16774: $? = 1
configure: failed program was:
| /* confdefs.h */
| #define PACKAGE_NAME "Protocol Buffers"
| #define PACKAGE_TARNAME "protobuf"
| #define PACKAGE_VERSION "2.6.1"
| #define PACKAGE_STRING "Protocol Buffers 2.6.1"
| #define PACKAGE_BUGREPORT "protobuf@googlegroups.com"
| #define PACKAGE_URL ""
| #define PACKAGE "protobuf"
| #define VERSION "2.6.1"
| #define STDC_HEADERS 1
| #define HAVE_SYS_TYPES_H 1
| #define HAVE_SYS_STAT_H 1
| #define HAVE_STDLIB_H 1
| #define HAVE_STRING_H 1
| #define HAVE_MEMORY_H 1
| #define HAVE_STRINGS_H 1
| #define HAVE_INTTYPES_H 1
| #define HAVE_STDINT_H 1
| #define HAVE_UNISTD_H 1
| #define __EXTENSIONS__ 1
| #define _ALL_SOURCE 1
| #define _GNU_SOURCE 1
| #define _POSIX_PTHREAD_SEMANTICS 1
| #define _TANDEM_SOURCE 1
| #define LT_OBJDIR ".libs/"
| #define STDC_HEADERS 1
| #define HAVE_FCNTL_H 1
| #define HAVE_INTTYPES_H 1
| #define HAVE_LIMITS_H 1
| #define HAVE_STDLIB_H 1
| #define HAVE_UNISTD_H 1
| #define HAVE_FTRUNCATE 1
| #define HAVE_MEMSET 1
| #define HAVE_MKDIR 1
| #define HAVE_STRCHR 1
| #define HAVE_STRERROR 1
| #define HAVE_STRTOL 1
| #define HAVE_ZLIB 1
| #define HAVE_PTHREAD 1
| /* end confdefs.h.  */
| #include <unordered_map>
| int
| main ()
| {
| const std::unordered_map<int, int> t;
|                          return t.find(5) == t.end();
|   ;
|   return 0;
| }
configure:16774: g++ -c  -g -DNDEBUG  conftest.cpp >&5
In file included from c:/mingw32/i686-w64-mingw32/include/c++/unordered_map:35:0,
                 from conftest.cpp:41:
c:/mingw32/i686-w64-mingw32/include/c++/bits/c++0x_warning.h:32:2: error: #error This file requires compiler and library support for the ISO C++ 2011 standard. This support is currently experimental, and must be enabled with the -std=c++11 or -std=gnu++11 compiler options.
 #error This file requires compiler and library support for the \
  ^
conftest.cpp: In function 'int main()':
conftest.cpp:45:12: error: 'tr1' in namespace 'std' does not name a type
 const std::tr1::unordered_map<int, int> t;
            ^
conftest.cpp:46:33: error: 't' was not declared in this scope
                          return t.find(5) == t.end();
                                 ^
configure:16774: $? = 1
configure: failed program was:
| /* confdefs.h */
| #define PACKAGE_NAME "Protocol Buffers"
| #define PACKAGE_TARNAME "protobuf"
| #define PACKAGE_VERSION "2.6.1"
| #define PACKAGE_STRING "Protocol Buffers 2.6.1"
| #define PACKAGE_BUGREPORT "protobuf@googlegroups.com"
| #define PACKAGE_URL ""
| #define PACKAGE "protobuf"
| #define VERSION "2.6.1"
| #define STDC_HEADERS 1
| #define HAVE_SYS_TYPES_H 1
| #define HAVE_SYS_STAT_H 1
| #define HAVE_STDLIB_H 1
| #define HAVE_STRING_H 1
| #define HAVE_MEMORY_H 1
| #define HAVE_STRINGS_H 1
| #define HAVE_INTTYPES_H 1
| #define HAVE_STDINT_H 1
| #define HAVE_UNISTD_H 1
| #define __EXTENSIONS__ 1
| #define _ALL_SOURCE 1
| #define _GNU_SOURCE 1
| #define _POSIX_PTHREAD_SEMANTICS 1
| #define _TANDEM_SOURCE 1
| #define LT_OBJDIR ".libs/"
| #define STDC_HEADERS 1
| #define HAVE_FCNTL_H 1
| #define HAVE_INTTYPES_H 1
| #define HAVE_LIMITS_H 1
| #define HAVE_STDLIB_H 1
| #define HAVE_UNISTD_H 1
| #define HAVE_FTRUNCATE 1
| #define HAVE_MEMSET 1
| #define HAVE_MKDIR 1
| #define HAVE_STRCHR 1
| #define HAVE_STRERROR 1
| #define HAVE_STRTOL 1
| #define HAVE_ZLIB 1
| #define HAVE_PTHREAD 1
| /* end confdefs.h.  */
| #include <unordered_map>
| int
| main ()
| {
| const std::tr1::unordered_map<int, int> t;
|                          return t.find(5) == t.end();
|   ;
|   return 0;
| }
configure:16774: g++ -c  -g -DNDEBUG  conftest.cpp >&5
conftest.cpp: In function 'int main()':
conftest.cpp:45:12: error: 'unordered_map' in namespace 'std' does not name a template type
 const std::unordered_map<int, int> t;
            ^
conftest.cpp:46:33: error: 't' was not declared in this scope
                          return t.find(5) == t.end();
                                 ^
configure:16774: $? = 1
configure: failed program was:
| /* confdefs.h */
| #define PACKAGE_NAME "Protocol Buffers"
| #define PACKAGE_TARNAME "protobuf"
| #define PACKAGE_VERSION "2.6.1"
| #define PACKAGE_STRING "Protocol Buffers 2.6.1"
| #define PACKAGE_BUGREPORT "protobuf@googlegroups.com"
| #define PACKAGE_URL ""
| #define PACKAGE "protobuf"
| #define VERSION "2.6.1"
| #define STDC_HEADERS 1
| #define HAVE_SYS_TYPES_H 1
| #define HAVE_SYS_STAT_H 1
| #define HAVE_STDLIB_H 1
| #define HAVE_STRING_H 1
| #define HAVE_MEMORY_H 1
| #define HAVE_STRINGS_H 1
| #define HAVE_INTTYPES_H 1
| #define HAVE_STDINT_H 1
| #define HAVE_UNISTD_H 1
| #define __EXTENSIONS__ 1
| #define _ALL_SOURCE 1
| #define _GNU_SOURCE 1
| #define _POSIX_PTHREAD_SEMANTICS 1
| #define _TANDEM_SOURCE 1
| #define LT_OBJDIR ".libs/"
| #define STDC_HEADERS 1
| #define HAVE_FCNTL_H 1
| #define HAVE_INTTYPES_H 1
| #define HAVE_LIMITS_H 1
| #define HAVE_STDLIB_H 1
| #define HAVE_UNISTD_H 1
| #define HAVE_FTRUNCATE 1
| #define HAVE_MEMSET 1
| #define HAVE_MKDIR 1
| #define HAVE_STRCHR 1
| #define HAVE_STRERROR 1
| #define HAVE_STRTOL 1
| #define HAVE_ZLIB 1
| #define HAVE_PTHREAD 1
| /* end confdefs.h.  */
| #include <tr1/unordered_map>
| int
| main ()
| {
| const std::unordered_map<int, int> t;
|                          return t.find(5) == t.end();
|   ;
|   return 0;
| }
configure:16774: g++ -c  -g -DNDEBUG  conftest.cpp >&5
configure:16774: $? = 0
configure:16841: result: <tr1/unordered_map>
configure:17045: checking that generated files are newer than configure
configure:17051: result: done
configure:17090: creating ./config.status

## ---------------------- ##
## Running config.status. ##
## ---------------------- ##

This file was extended by Protocol Buffers config.status 2.6.1, which was
generated by GNU Autoconf 2.69.  Invocation command line was

  CONFIG_FILES    = 
  CONFIG_HEADERS  = 
  CONFIG_LINKS    = 
  CONFIG_COMMANDS = 
  $ ./config.status 

on thinkpad

config.status:1211: creating Makefile
config.status:1211: creating src/Makefile
config.status:1211: creating protobuf.pc
config.status:1211: creating protobuf-lite.pc
config.status:1211: creating config.h
config.status:1440: executing depfiles commands
config.status:1440: executing libtool commands
configure:19648: === configuring in gtest (/c/deps/protobuf-2.6.1/gtest)
configure:19711: running /bin/sh ./configure --disable-option-checking '--prefix=/usr/local'  '--disable-shared' --cache-file=/dev/null --srcdir=.

## ---------------- ##
## Cache variables. ##
## ---------------- ##

ac_cv_build=i686-pc-mingw32
ac_cv_c_compiler_gnu=yes
ac_cv_cxx_compiler_gnu=yes
ac_cv_cxx_hash_map='<tr1/unordered_map>'
ac_cv_cxx_hash_map_class=unordered_map
ac_cv_cxx_hash_namespace=std::tr1
ac_cv_cxx_hash_set='<tr1/unordered_set>'
ac_cv_cxx_hash_set_class=unordered_set
ac_cv_env_CCC_set=
ac_cv_env_CCC_value=
ac_cv_env_CC_set=
ac_cv_env_CC_value=
ac_cv_env_CFLAGS_set=
ac_cv_env_CFLAGS_value=
ac_cv_env_CPPFLAGS_set=
ac_cv_env_CPPFLAGS_value=
ac_cv_env_CXXCPP_set=
ac_cv_env_CXXCPP_value=
ac_cv_env_CXXFLAGS_set=
ac_cv_env_CXXFLAGS_value=
ac_cv_env_CXX_set=
ac_cv_env_CXX_value=
ac_cv_env_LDFLAGS_set=
ac_cv_env_LDFLAGS_value=
ac_cv_env_LIBS_set=
ac_cv_env_LIBS_value=
ac_cv_env_build_alias_set=
ac_cv_env_build_alias_value=
ac_cv_env_host_alias_set=
ac_cv_env_host_alias_value=
ac_cv_env_target_alias_set=
ac_cv_env_target_alias_value=
ac_cv_exeext=.exe
ac_cv_func_ftruncate=yes
ac_cv_func_memcmp_working=yes
ac_cv_func_memset=yes
ac_cv_func_mkdir=yes
ac_cv_func_strchr=yes
ac_cv_func_strerror=yes
ac_cv_func_strtod=yes
ac_cv_func_strtol=yes
ac_cv_have_decl___SUNPRO_CC=no
ac_cv_header_dlfcn_h=no
ac_cv_header_fcntl_h=yes
ac_cv_header_inttypes_h=yes
ac_cv_header_limits_h=yes
ac_cv_header_memory_h=yes
ac_cv_header_minix_config_h=no
ac_cv_header_stdc=yes
ac_cv_header_stdint_h=yes
ac_cv_header_stdlib_h=yes
ac_cv_header_string_h=yes
ac_cv_header_strings_h=yes
ac_cv_header_sys_stat_h=yes
ac_cv_header_sys_types_h=yes
ac_cv_header_unistd_h=yes
ac_cv_host=i686-pc-mingw32
ac_cv_objext=o
ac_cv_path_EGREP='/bin/grep -E'
ac_cv_path_FGREP='/bin/grep -F'
ac_cv_path_GREP=/bin/grep
ac_cv_path_SED=/bin/sed
ac_cv_path_install='/bin/install -c'
ac_cv_path_mkdir=/bin/mkdir
ac_cv_prog_AWK=gawk
ac_cv_prog_CXXCPP='g++ -E'
ac_cv_prog_ac_ct_AR=ar
ac_cv_prog_ac_ct_CC=gcc
ac_cv_prog_ac_ct_CXX=g++
ac_cv_prog_ac_ct_DLLTOOL=dlltool
ac_cv_prog_ac_ct_OBJDUMP=objdump
ac_cv_prog_ac_ct_RANLIB=ranlib
ac_cv_prog_ac_ct_STRIP=strip
ac_cv_prog_cc_c89=
ac_cv_prog_cc_g=yes
ac_cv_prog_cxx_g=yes
ac_cv_prog_make_make_set=yes
ac_cv_safe_to_define___extensions__=yes
ac_cv_search_zlibVersion=-lz
ac_cv_target=i686-pc-mingw32
am_cv_CC_dependencies_compiler_type=gcc3
am_cv_CXX_dependencies_compiler_type=gcc3
am_cv_make_support_nested_variables=yes
am_cv_prog_cc_c_o=yes
lt_cv_ar_at_file=@
lt_cv_deplibs_check_method='file_magic ^x86 archive import|^x86 DLL'
lt_cv_file_magic_cmd=func_win32_libid
lt_cv_file_magic_test_file=
lt_cv_ld_reload_flag=-r
lt_cv_nm_interface='BSD nm'
lt_cv_objdir=.libs
lt_cv_path_LD=c:/mingw32/i686-w64-mingw32/bin/ld.exe
lt_cv_path_LDCXX=c:/mingw32/i686-w64-mingw32/bin/ld.exe
lt_cv_path_NM=/c/mingw32/bin/nm
lt_cv_path_mainfest_tool=no
lt_cv_prog_compiler_c_o=yes
lt_cv_prog_compiler_c_o_CXX=yes
lt_cv_prog_compiler_pic='-DDLL_EXPORT -DPIC'
lt_cv_prog_compiler_pic_CXX='-DDLL_EXPORT -DPIC'
lt_cv_prog_compiler_pic_works=yes
lt_cv_prog_compiler_pic_works_CXX=yes
lt_cv_prog_compiler_rtti_exceptions=no
lt_cv_prog_compiler_static_works=yes
lt_cv_prog_compiler_static_works_CXX=yes
lt_cv_prog_gnu_ld=yes
lt_cv_prog_gnu_ldcxx=yes
lt_cv_sharedlib_from_linklib_cmd=func_cygming_dll_for_implib
lt_cv_sys_global_symbol_pipe='sed -n -e '\''s/^.*[	 ]\([ABCDGIRSTW][ABCDGIRSTW]*\)[	 ][	 ]*_\([_A-Za-z][_A-Za-z0-9]*\)\{0,1\}$/\1 _\2 \2/p'\'' | sed '\''/ __gnu_lto/d'\'''
lt_cv_sys_global_symbol_to_c_name_address='sed -n -e '\''s/^: \([^ ]*\)[ ]*$/  {\"\1\", (void *) 0},/p'\'' -e '\''s/^[ABCDGIRSTW]* \([^ ]*\) \([^ ]*\)$/  {"\2", (void *) \&\2},/p'\'''
lt_cv_sys_global_symbol_to_c_name_address_lib_prefix='sed -n -e '\''s/^: \([^ ]*\)[ ]*$/  {\"\1\", (void *) 0},/p'\'' -e '\''s/^[ABCDGIRSTW]* \([^ ]*\) \(lib[^ ]*\)$/  {"\2", (void *) \&\2},/p'\'' -e '\''s/^[ABCDGIRSTW]* \([^ ]*\) \([^ ]*\)$/  {"lib\2", (void *) \&\2},/p'\'''
lt_cv_sys_global_symbol_to_cdecl='sed -n -e '\''s/^T .* \(.*\)$/extern int \1();/p'\'' -e '\''s/^[ABCDGIRSTW]* .* \(.*\)$/extern char \1;/p'\'''
lt_cv_sys_max_cmd_len=8192
lt_cv_to_host_file_cmd=func_convert_file_msys_to_w32
lt_cv_to_tool_file_cmd=func_convert_file_msys_to_w32

## ----------------- ##
## Output variables. ##
## ----------------- ##

ACLOCAL='${SHELL} /c/deps/protobuf-2.6.1/missing aclocal-1.14'
AMDEPBACKSLASH='\'
AMDEP_FALSE='#'
AMDEP_TRUE=''
AMTAR='$${TAR-tar}'
AM_BACKSLASH='\'
AM_DEFAULT_V='$(AM_DEFAULT_VERBOSITY)'
AM_DEFAULT_VERBOSITY='1'
AM_V='$(V)'
AR='ar'
AUTOCONF='${SHELL} /c/deps/protobuf-2.6.1/missing autoconf'
AUTOHEADER='${SHELL} /c/deps/protobuf-2.6.1/missing autoheader'
AUTOMAKE='${SHELL} /c/deps/protobuf-2.6.1/missing automake-1.14'
AWK='gawk'
CC='gcc'
CCDEPMODE='depmode=gcc3'
CFLAGS=''
CPPFLAGS=''
CXX='g++'
CXXCPP='g++ -E'
CXXDEPMODE='depmode=gcc3'
CXXFLAGS=' -g -DNDEBUG'
CYGPATH_W='echo'
DEFS='-DHAVE_CONFIG_H'
DEPDIR='.deps'
DLLTOOL='dlltool'
DSYMUTIL=''
DUMPBIN=''
ECHO_C=''
ECHO_N='-n'
ECHO_T=''
EGREP='/bin/grep -E'
EXEEXT='.exe'
FGREP='/bin/grep -F'
GCC_FALSE='#'
GCC_TRUE=''
GREP='/bin/grep'
HAVE_ZLIB_FALSE='#'
HAVE_ZLIB_TRUE=''
INSTALL_DATA='${INSTALL} -m 644'
INSTALL_PROGRAM='${INSTALL}'
INSTALL_SCRIPT='${INSTALL}'
INSTALL_STRIP_PROGRAM='$(install_sh) -c -s'
ISAINFO=''
LD='c:/mingw32/i686-w64-mingw32/bin/ld.exe'
LDFLAGS=''
LIBOBJS=''
LIBS='-lz '
LIBTOOL='$(SHELL) $(top_builddir)/libtool'
LIPO=''
LN_S='cp -pR'
LTLIBOBJS=''
MAINT=''
MAINTAINER_MODE_FALSE='#'
MAINTAINER_MODE_TRUE=''
MAKEINFO='${SHELL} /c/deps/protobuf-2.6.1/missing makeinfo'
MANIFEST_TOOL=':'
MKDIR_P='/bin/mkdir -p'
NM='/c/mingw32/bin/nm'
NMEDIT=''
OBJDUMP='objdump'
OBJEXT='o'
OTOOL64=''
OTOOL=''
PACKAGE='protobuf'
PACKAGE_BUGREPORT='protobuf@googlegroups.com'
PACKAGE_NAME='Protocol Buffers'
PACKAGE_STRING='Protocol Buffers 2.6.1'
PACKAGE_TARNAME='protobuf'
PACKAGE_URL=''
PACKAGE_VERSION='2.6.1'
PATH_SEPARATOR=':'
POW_LIB=''
PROTOBUF_OPT_FLAG='-O2'
PROTOC=''
PTHREAD_CC='gcc'
PTHREAD_CFLAGS=''
PTHREAD_LIBS=''
RANLIB='ranlib'
SED='/bin/sed'
SET_MAKE=''
SHELL='/bin/sh'
STRIP='strip'
USE_EXTERNAL_PROTOC_FALSE=''
USE_EXTERNAL_PROTOC_TRUE='#'
VERSION='2.6.1'
ac_ct_AR='ar'
ac_ct_CC='gcc'
ac_ct_CXX='g++'
ac_ct_DUMPBIN=''
acx_pthread_config=''
am__EXEEXT_FALSE='#'
am__EXEEXT_TRUE=''
am__fastdepCC_FALSE='#'
am__fastdepCC_TRUE=''
am__fastdepCXX_FALSE='#'
am__fastdepCXX_TRUE=''
am__include='include'
am__isrc=''
am__leading_dot='.'
am__nodep='_no'
am__quote=''
am__tar='$${TAR-tar} chof - "$$tardir"'
am__untar='$${TAR-tar} xf -'
bindir='${exec_prefix}/bin'
build='i686-pc-mingw32'
build_alias=''
build_cpu='i686'
build_os='mingw32'
build_vendor='pc'
datadir='${datarootdir}'
datarootdir='${prefix}/share'
docdir='${datarootdir}/doc/${PACKAGE_TARNAME}'
dvidir='${docdir}'
exec_prefix='${prefix}'
host='i686-pc-mingw32'
host_alias=''
host_cpu='i686'
host_os='mingw32'
host_vendor='pc'
htmldir='${docdir}'
includedir='${prefix}/include'
infodir='${datarootdir}/info'
install_sh='${SHELL} /c/deps/protobuf-2.6.1/install-sh'
libdir='${exec_prefix}/lib'
libexecdir='${exec_prefix}/libexec'
localedir='${datarootdir}/locale'
localstatedir='${prefix}/var'
mandir='${datarootdir}/man'
mkdir_p='$(MKDIR_P)'
oldincludedir='/usr/include'
pdfdir='${docdir}'
prefix='/usr/local'
program_transform_name='s,x,x,'
psdir='${docdir}'
sbindir='${exec_prefix}/sbin'
sharedstatedir='${prefix}/com'
subdirs=' gtest'
sysconfdir='${prefix}/etc'
target='i686-pc-mingw32'
target_alias=''
target_cpu='i686'
target_os='mingw32'
target_vendor='pc'

## ----------- ##
## confdefs.h. ##
## ----------- ##

/* confdefs.h */
#define PACKAGE_NAME "Protocol Buffers"
#define PACKAGE_TARNAME "protobuf"
#define PACKAGE_VERSION "2.6.1"
#define PACKAGE_STRING "Protocol Buffers 2.6.1"
#define PACKAGE_BUGREPORT "protobuf@googlegroups.com"
#define PACKAGE_URL ""
#define PACKAGE "protobuf"
#define VERSION "2.6.1"
#define STDC_HEADERS 1
#define HAVE_SYS_TYPES_H 1
#define HAVE_SYS_STAT_H 1
#define HAVE_STDLIB_H 1
#define HAVE_STRING_H 1
#define HAVE_MEMORY_H 1
#define HAVE_STRINGS_H 1
#define HAVE_INTTYPES_H 1
#define HAVE_STDINT_H 1
#define HAVE_UNISTD_H 1
#define __EXTENSIONS__ 1
#define _ALL_SOURCE 1
#define _GNU_SOURCE 1
#define _POSIX_PTHREAD_SEMANTICS 1
#define _TANDEM_SOURCE 1
#define LT_OBJDIR ".libs/"
#define STDC_HEADERS 1
#define HAVE_FCNTL_H 1
#define HAVE_INTTYPES_H 1
#define HAVE_LIMITS_H 1
#define HAVE_STDLIB_H 1
#define HAVE_UNISTD_H 1
#define HAVE_FTRUNCATE 1
#define HAVE_MEMSET 1
#define HAVE_MKDIR 1
#define HAVE_STRCHR 1
#define HAVE_STRERROR 1
#define HAVE_STRTOL 1
#define HAVE_ZLIB 1
#define HAVE_PTHREAD 1
#define HAVE_HASH_MAP 1
#define HAVE_HASH_SET 1
#define HASH_MAP_H <tr1/unordered_map>
#define HASH_SET_H <tr1/unordered_set>
#define HASH_NAMESPACE std::tr1
#define HASH_MAP_CLASS unordered_map
#define HASH_SET_CLASS unordered_set

configure: exit 0
