This file contains any messages produced by compilers while
running configure, to aid debugging if configure makes a mistake.

It was created by libevent configure 2.1.12-stable, which was
generated by GNU Autoconf 2.69.  Invocation command line was

  $ ./configure --disable-shared

## --------- ##
## Platform. ##
## --------- ##

hostname = thinkpad
uname -m = i686
uname -r = 1.0.19(0.48/3/2)
uname -s = MINGW32_NT-5.1
uname -v = 2016-07-13 17:45

/usr/bin/uname -p = unknown
/bin/uname -X     = unknown

/bin/arch              = unknown
/usr/bin/arch -k       = unknown
/usr/convex/getsysinfo = unknown
/usr/bin/hostinfo      = unknown
/bin/machine           = unknown
/usr/bin/oslevel       = unknown
/bin/universe          = unknown

PATH: .
PATH: /usr/local/bin
PATH: /mingw/bin
PATH: /bin
PATH: /c/mingw32/bin
PATH: /c/WINDOWS/system32
PATH: /c/WINDOWS
PATH: /c/WINDOWS/System32/Wbem
PATH: /c/WINDOWS/System32/WindowsPowerShell/v1.0/
PATH: /c/Program Files/Git/cmd


## ----------- ##
## Core tests. ##
## ----------- ##

configure:2748: checking for a BSD-compatible install
configure:2816: result: /bin/install -c
configure:2827: checking whether build environment is sane
configure:2882: result: yes
configure:3033: checking for a thread-safe mkdir -p
configure:3072: result: /bin/mkdir -p
configure:3079: checking for gawk
configure:3095: found /bin/gawk
configure:3106: result: gawk
configure:3117: checking whether make sets $(MAKE)
configure:3139: result: yes
configure:3168: checking whether make supports nested variables
configure:3185: result: yes
configure:3322: checking whether make supports nested variables
configure:3339: result: yes
configure:3362: checking whether make supports the include directive
configure:3377: make -f confmf.GNU && cat confinc.out
this is the am__doit target
configure:3380: $? = 0
configure:3399: result: yes (GNU style)
configure:3469: checking for gcc
configure:3485: found /c/mingw32/bin/gcc
configure:3496: result: gcc
configure:3725: checking for C compiler version
configure:3734: gcc --version >&5
gcc.exe (i686-posix-dwarf-rev1, Built by MinGW-W64 project) 4.9.2
Copyright (C) 2014 Free Software Foundation, Inc.
This is free software; see the source for copying conditions.  There is NO
warranty; not even for MERCHANTABILITY or FITNESS FOR A PARTICULAR PURPOSE.

configure:3745: $? = 0
configure:3734: gcc -v >&5
Using built-in specs.
COLLECT_GCC=c:\mingw32\bin\gcc.exe
COLLECT_LTO_WRAPPER=c:/mingw32/bin/../libexec/gcc/i686-w64-mingw32/4.9.2/lto-wrapper.exe
Target: i686-w64-mingw32
Configured with: ../../../src/gcc-4.9.2/configure --host=i686-w64-mingw32 --build=i686-w64-mingw32 --target=i686-w64-mingw32 --prefix=/mingw32 --with-sysroot=/c/mingw492/i686-492-posix-dwarf-rt_v3-rev1/mingw32 --with-gxx-include-dir=/mingw32/i686-w64-mingw32/include/c++ --enable-shared --enable-static --disable-multilib --enable-languages=ada,c,c++,fortran,objc,obj-c++,lto --enable-libstdcxx-time=yes --enable-threads=posix --enable-libgomp --enable-libatomic --enable-lto --enable-graphite --enable-checking=release --enable-fully-dynamic-string --enable-version-specific-runtime-libs --disable-sjlj-exceptions --with-dwarf2 --disable-isl-version-check --disable-cloog-version-check --disable-libstdcxx-pch --disable-libstdcxx-debug --enable-bootstrap --disable-rpath --disable-win32-registry --disable-nls --disable-werror --disable-symvers --with-gnu-as --with-gnu-ld --with-arch=i686 --with-tune=generic --with-libiconv --with-system-zlib --with-gmp=/c/mingw492/prerequisites/i686-w64-mingw32-static --with-mpfr=/c/mingw492/prerequisites/i686-w64-mingw32-static --with-mpc=/c/mingw492/prerequisites/i686-w64-mingw32-static --with-isl=/c/mingw492/prerequisites/i686-w64-mingw32-static --with-cloog=/c/mingw492/prerequisites/i686-w64-mingw32-static --enable-cloog-backend=isl --with-pkgversion='i686-posix-dwarf-rev1, Built by MinGW-W64 project' --with-bugurl=http://sourceforge.net/projects/mingw-w64 CFLAGS='-O2 -pipe -I/c/mingw492/i686-492-posix-dwarf-rt_v3-rev1/mingw32/opt/include -I/c/mingw492/prerequisites/i686-zlib-static/include -I/c/mingw492/prerequisites/i686-w64-mingw32-static/include' CXXFLAGS='-O2 -pipe -I/c/mingw492/i686-492-posix-dwarf-rt_v3-rev1/mingw32/opt/include -I/c/mingw492/prerequisites/i686-zlib-static/include -I/c/mingw492/prerequisites/i686-w64-mingw32-static/include' CPPFLAGS= LDFLAGS='-pipe -L/c/mingw492/i686-492-posix-dwarf-rt_v3-rev1/mingw32/opt/lib -L/c/mingw492/prerequisites/i686-zlib-static/lib -L/c/mingw492/prerequisites/i686-w64-mingw32-static/lib -Wl,--large-address-aware'
Thread model: posix
gcc version 4.9.2 (i686-posix-dwarf-rev1, Built by MinGW-W64 project) 
configure:3745: $? = 0
configure:3734: gcc -V >&5
gcc.exe: error: unrecognized command line option '-V'
gcc.exe: fatal error: no input files
compilation terminated.
configure:3745: $? = 1
configure:3734: gcc -qversion >&5
gcc.exe: error: unrecognized command line option '-qversion'
gcc.exe: fatal error: no input files
compilation terminated.
configure:3745: $? = 1
configure:3765: checking whether the C compiler works
configure:3787: gcc    conftest.c  >&5
configure:3791: $? = 0
configure:3839: result: yes
configure:3842: checking for C compiler default output file name
configure:3844: result: a.exe
configure:3850: checking for suffix of executables
configure:3857: gcc -o conftest.exe    conftest.c  >&5
configure:3861: $? = 0
configure:3883: result: .exe
configure:3905: checking whether we are cross compiling
configure:3913: gcc -o conftest.exe    conftest.c  >&5
configure:3917: $? = 0
configure:3924: ./conftest.exe
configure:3928: $? = 0
configure:3943: result: no
configure:3948: checking for suffix of object files
configure:3970: gcc -c   conftest.c >&5
configure:3974: $? = 0
configure:3995: result: o
configure:3999: checking whether we are using the GNU C compiler
configure:4018: gcc -c   conftest.c >&5
configure:4018: $? = 0
configure:4027: result: yes
configure:4036: checking whether gcc accepts -g
configure:4056: gcc -c -g  conftest.c >&5
configure:4056: $? = 0
configure:4097: result: yes
configure:4114: checking for gcc option to accept ISO C89
configure:4177: gcc  -c -g -O2  conftest.c >&5
configure:4177: $? = 0
configure:4190: result: none needed
configure:4215: checking whether gcc understands -c and -o together
configure:4237: gcc -c conftest.c -o conftest2.o
configure:4240: $? = 0
configure:4237: gcc -c conftest.c -o conftest2.o
configure:4240: $? = 0
configure:4252: result: yes
configure:4271: checking dependency style of gcc
configure:4382: result: gcc3
configure:4403: checking how to run the C preprocessor
configure:4434: gcc -E  conftest.c
configure:4434: $? = 0
configure:4448: gcc -E  conftest.c
conftest.c:12:28: fatal error: ac_nonexistent.h: No such file or directory
 #include <ac_nonexistent.h>
                            ^
compilation terminated.
configure:4448: $? = 1
configure: failed program was:
| /* confdefs.h */
| #define PACKAGE_NAME "libevent"
| #define PACKAGE_TARNAME "libevent"
| #define PACKAGE_VERSION "2.1.12-stable"
| #define PACKAGE_STRING "libevent 2.1.12-stable"
| #define PACKAGE_BUGREPORT ""
| #define PACKAGE_URL ""
| #define PACKAGE "libevent"
| #define VERSION "2.1.12-stable"
| #define NUMERIC_VERSION 0x02010c00
| /* end confdefs.h.  */
| #include <ac_nonexistent.h>
configure:4473: result: gcc -E
configure:4493: gcc -E  conftest.c
configure:4493: $? = 0
configure:4507: gcc -E  conftest.c
conftest.c:12:28: fatal error: ac_nonexistent.h: No such file or directory
 #include <ac_nonexistent.h>
                            ^
compilation terminated.
configure:4507: $? = 1
configure: failed program was:
| /* confdefs.h */
| #define PACKAGE_NAME "libevent"
| #define PACKAGE_TARNAME "libevent"
| #define PACKAGE_VERSION "2.1.12-stable"
| #define PACKAGE_STRING "libevent 2.1.12-stable"
| #define PACKAGE_BUGREPORT ""
| #define PACKAGE_URL ""
| #define PACKAGE "libevent"
| #define VERSION "2.1.12-stable"
| #define NUMERIC_VERSION 0x02010c00
| /* end confdefs.h.  */
| #include <ac_nonexistent.h>
configure:4536: checking for grep that handles long lines and -e
configure:4594: result: /bin/grep
configure:4599: checking for egrep
configure:4661: result: /bin/grep -E
configure:4666: checking for ANSI C header files
configure:4686: gcc -c -g -O2  conftest.c >&5
configure:4686: $? = 0
configure:4759: gcc -o conftest.exe -g -O2   conftest.c  >&5
configure:4759: $? = 0
configure:4759: ./conftest.exe
configure:4759: $? = 0
configure:4770: result: yes
configure:4783: checking for sys/types.h
configure:4783: gcc -c -g -O2  conftest.c >&5
configure:4783: $? = 0
configure:4783: result: yes
configure:4783: checking for sys/stat.h
configure:4783: gcc -c -g -O2  conftest.c >&5
configure:4783: $? = 0
configure:4783: result: yes
configure:4783: checking for stdlib.h
configure:4783: gcc -c -g -O2  conftest.c >&5
configure:4783: $? = 0
configure:4783: result: yes
configure:4783: checking for string.h
configure:4783: gcc -c -g -O2  conftest.c >&5
configure:4783: $? = 0
configure:4783: result: yes
configure:4783: checking for memory.h
configure:4783: gcc -c -g -O2  conftest.c >&5
configure:4783: $? = 0
configure:4783: result: yes
configure:4783: checking for strings.h
configure:4783: gcc -c -g -O2  conftest.c >&5
configure:4783: $? = 0
configure:4783: result: yes
configure:4783: checking for inttypes.h
configure:4783: gcc -c -g -O2  conftest.c >&5
configure:4783: $? = 0
configure:4783: result: yes
configure:4783: checking for stdint.h
configure:4783: gcc -c -g -O2  conftest.c >&5
configure:4783: $? = 0
configure:4783: result: yes
configure:4783: checking for unistd.h
configure:4783: gcc -c -g -O2  conftest.c >&5
configure:4783: $? = 0
configure:4783: result: yes
configure:4796: checking minix/config.h usability
configure:4796: gcc -c -g -O2  conftest.c >&5
conftest.c:55:26: fatal error: minix/config.h: No such file or directory
 #include <minix/config.h>
                          ^
compilation terminated.
configure:4796: $? = 1
configure: failed program was:
| /* confdefs.h */
| #define PACKAGE_NAME "libevent"
| #define PACKAGE_TARNAME "libevent"
| #define PACKAGE_VERSION "2.1.12-stable"
| #define PACKAGE_STRING "libevent 2.1.12-stable"
| #define PACKAGE_BUGREPORT ""
| #define PACKAGE_URL ""
| #define PACKAGE "libevent"
| #define VERSION "2.1.12-stable"
| #define NUMERIC_VERSION 0x02010c00
| #define STDC_HEADERS 1
| #define HAVE_SYS_TYPES_H 1
| #define HAVE_SYS_STAT_H 1
| #define HAVE_STDLIB_H 1
| #define HAVE_STRING_H 1
| #define HAVE_MEMORY_H 1
| #define HAVE_STRINGS_H 1
| #define HAVE_INTTYPES_H 1
| #define HAVE_STDINT_H 1
| #define HAVE_UNISTD_H 1
| /* end confdefs.h.  */
| #include <stdio.h>
| #ifdef HAVE_SYS_TYPES_H
| # include <sys/types.h>
| #endif
| #ifdef HAVE_SYS_STAT_H
| # include <sys/stat.h>
| #endif
| #ifdef STDC_HEADERS
| # include <stdlib.h>
| # include <stddef.h>
| #else
| # ifdef HAVE_STDLIB_H
| #  include <stdlib.h>
| # endif
| #endif
| #ifdef HAVE_STRING_H
| # if !defined STDC_HEADERS && defined HAVE_MEMORY_H
| #  include <memory.h>
| # endif
| # include <string.h>
| #endif
| #ifdef HAVE_STRINGS_H
| # include <strings.h>
| #endif
| #ifdef HAVE_INTTYPES_H
| # include <inttypes.h>
| #endif
| #ifdef HAVE_STDINT_H
| # include <stdint.h>
| #endif
| #ifdef HAVE_UNISTD_H
| # include <unistd.h>
| #endif
| #include <minix/config.h>
configure:4796: result: no
configure:4796: checking minix/config.h presence
configure:4796: gcc -E  conftest.c
conftest.c:22:26: fatal error: minix/config.h: No such file or directory
 #include <minix/config.h>
                          ^
compilation terminated.
configure:4796: $? = 1
configure: failed program was:
| /* confdefs.h */
| #define PACKAGE_NAME "libevent"
| #define PACKAGE_TARNAME "libevent"
| #define PACKAGE_VERSION "2.1.12-stable"
| #define PACKAGE_STRING "libevent 2.1.12-stable"
| #define PACKAGE_BUGREPORT ""
| #define PACKAGE_URL ""
| #define PACKAGE "libevent"
| #define VERSION "2.1.12-stable"
| #define NUMERIC_VERSION 0x02010c00
| #define STDC_HEADERS 1
| #define HAVE_SYS_TYPES_H 1
| #define HAVE_SYS_STAT_H 1
| #define HAVE_STDLIB_H 1
| #define HAVE_STRING_H 1
| #define HAVE_MEMORY_H 1
| #define HAVE_STRINGS_H 1
| #define HAVE_INTTYPES_H 1
| #define HAVE_STDINT_H 1
| #define HAVE_UNISTD_H 1
| /* end confdefs.h.  */
| #include <minix/config.h>
configure:4796: result: no
configure:4796: checking for minix/config.h
configure:4796: result: no
configure:4817: checking whether it is safe to define __EXTENSIONS__
configure:4835: gcc -c -g -O2  conftest.c >&5
configure:4835: $? = 0
configure:4842: result: yes
configure:4861: checking build system type
configure:4875: result: i686-pc-mingw32
configure:4895: checking host system type
configure:4908: result: i686-pc-mingw32
configure:4938: checking whether ln -s works
configure:4945: result: no, using cp -pR
configure:4951: checking for a sed that does not truncate output
configure:5015: result: /bin/sed
configure:5022: checking whether gcc needs -traditional
conftest.c:27:19: fatal error: sgtty.h: No such file or directory
 #include <sgtty.h>
                   ^
compilation terminated.
conftest.c:27:20: fatal error: termio.h: No such file or directory
 #include <termio.h>
                    ^
compilation terminated.
configure:5056: result: no
configure:5080: gcc -c -g -O2  conftest.c >&5
configure:5080: $? = 0
configure:5242: checking how to print strings
configure:5269: result: printf
configure:5290: checking for a sed that does not truncate output
configure:5354: result: /bin/sed
configure:5372: checking for fgrep
configure:5434: result: /bin/grep -F
configure:5469: checking for ld used by gcc
configure:5536: result: c:/mingw32/i686-w64-mingw32/bin/ld.exe
configure:5543: checking if the linker (c:/mingw32/i686-w64-mingw32/bin/ld.exe) is GNU ld
configure:5558: result: yes
configure:5570: checking for BSD- or MS-compatible name lister (nm)
configure:5624: result: /c/mingw32/bin/nm -B
configure:5754: checking the name lister (/c/mingw32/bin/nm -B) interface
configure:5761: gcc -c -g -O2 -Wall -fno-strict-aliasing  conftest.c >&5
configure:5764: /c/mingw32/bin/nm -B "conftest.o"
configure:5767: output
00000000 b .bss
00000000 d .data
00000000 N .debug_abbrev
00000000 N .debug_aranges
00000000 N .debug_info
00000000 N .debug_line
00000000 r .rdata$zzz
00000000 t .text
00000000 B _some_variable
configure:5774: result: BSD nm
configure:5778: checking the maximum length of command line arguments
configure:5909: result: 8192
configure:5957: checking how to convert i686-pc-mingw32 file names to i686-pc-mingw32 format
configure:5997: result: func_convert_file_msys_to_w32
configure:6004: checking how to convert i686-pc-mingw32 file names to toolchain format
configure:6024: result: func_convert_file_msys_to_w32
configure:6031: checking for c:/mingw32/i686-w64-mingw32/bin/ld.exe option to reload object files
configure:6038: result: -r
configure:6112: checking for objdump
configure:6128: found /c/mingw32/bin/objdump
configure:6139: result: objdump
configure:6171: checking how to recognize dependent libraries
configure:6371: result: file_magic ^x86 archive import|^x86 DLL
configure:6456: checking for dlltool
configure:6472: found /c/mingw32/bin/dlltool
configure:6483: result: dlltool
configure:6516: checking how to associate runtime and link libraries
configure:6543: result: func_cygming_dll_for_implib
configure:6603: checking for ar
configure:6619: found /c/mingw32/bin/ar
configure:6630: result: ar
configure:6683: checking for archiver @FILE support
configure:6700: gcc -c -g -O2 -Wall -fno-strict-aliasing  conftest.c >&5
configure:6700: $? = 0
configure:6703: ar cr libconftest.a @conftest.lst >&5
configure:6706: $? = 0
configure:6711: ar cr libconftest.a @conftest.lst >&5
c:\mingw32\bin\ar.exe: conftest.o: No such file or directory
configure:6714: $? = 1
configure:6726: result: @
configure:6784: checking for strip
configure:6800: found /c/mingw32/bin/strip
configure:6811: result: strip
configure:6883: checking for ranlib
configure:6899: found /c/mingw32/bin/ranlib
configure:6910: result: ranlib
configure:7012: checking command to parse /c/mingw32/bin/nm -B output from gcc object
configure:7165: gcc -c -g -O2 -Wall -fno-strict-aliasing  conftest.c >&5
configure:7168: $? = 0
configure:7172: /c/mingw32/bin/nm -B conftest.o \| sed -n -e 's/^.*[ ]\([ABCDGIRSTW][ABCDGIRSTW]*\)[ ][ ]*\([_A-Za-z][_A-Za-z0-9]*\)\{0,1\}$/\1 \2 \2/p' | sed '/ __gnu_lto/d' \> conftest.nm
configure:7175: $? = 0
cannot find nm_test_var in conftest.nm
configure:7165: gcc -c -g -O2 -Wall -fno-strict-aliasing  conftest.c >&5
configure:7168: $? = 0
configure:7172: /c/mingw32/bin/nm -B conftest.o \| sed -n -e 's/^.*[ ]\([ABCDGIRSTW][ABCDGIRSTW]*\)[ ][ ]*_\([_A-Za-z][_A-Za-z0-9]*\)\{0,1\}$/\1 _\2 \2/p' | sed '/ __gnu_lto/d' \> conftest.nm
configure:7175: $? = 0
configure:7241: gcc -o conftest.exe -g -O2 -Wall -fno-strict-aliasing   conftest.c conftstm.o >&5
configure:7244: $? = 0
configure:7282: result: ok
configure:7329: checking for sysroot
configure:7359: result: no
configure:7366: checking for a working dd
configure:7404: result: 
configure:7408: checking how to truncate binary pipes
configure:7423: result: /bin/sed -e 4q
configure:7752: checking for mt
configure:7782: result: no
configure:7802: checking if : is a manifest tool
configure:7808: : '-?'
configure:7816: result: no
configure:8490: checking for dlfcn.h
configure:8490: gcc -c -g -O2 -Wall -fno-strict-aliasing  conftest.c >&5
conftest.c:61:19: fatal error: dlfcn.h: No such file or directory
 #include <dlfcn.h>
                   ^
compilation terminated.
configure:8490: $? = 1
configure: failed program was:
| /* confdefs.h */
| #define PACKAGE_NAME "libevent"
| #define PACKAGE_TARNAME "libevent"
| #define PACKAGE_VERSION "2.1.12-stable"
| #define PACKAGE_STRING "libevent 2.1.12-stable"
| #define PACKAGE_BUGREPORT ""
| #define PACKAGE_URL ""
| #define PACKAGE "libevent"
| #define VERSION "2.1.12-stable"
| #define NUMERIC_VERSION 0x02010c00
| #define STDC_HEADERS 1
| #define HAVE_SYS_TYPES_H 1
| #define HAVE_SYS_STAT_H 1
| #define HAVE_STDLIB_H 1
| #define HAVE_STRING_H 1
| #define HAVE_MEMORY_H 1
| #define HAVE_STRINGS_H 1
| #define HAVE_INTTYPES_H 1
| #define HAVE_STDINT_H 1
| #define HAVE_UNISTD_H 1
| #define __EXTENSIONS__ 1
| #define _ALL_SOURCE 1
| #define _GNU_SOURCE 1
| #define _POSIX_PTHREAD_SEMANTICS 1
| #define _TANDEM_SOURCE 1
| /* end confdefs.h.  */
| #include <stdio.h>
| #ifdef HAVE_SYS_TYPES_H
| # include <sys/types.h>
| #endif
| #ifdef HAVE_SYS_STAT_H
| # include <sys/stat.h>
| #endif
| #ifdef STDC_HEADERS
| # include <stdlib.h>
| # include <stddef.h>
| #else
| # ifdef HAVE_STDLIB_H
| #  include <stdlib.h>
| # endif
| #endif
| #ifdef HAVE_STRING_H
| # if !defined STDC_HEADERS && defined HAVE_MEMORY_H
| #  include <memory.h>
| # endif
| # include <string.h>
| #endif
| #ifdef HAVE_STRINGS_H
| # include <strings.h>
| #endif
| #ifdef HAVE_INTTYPES_H
| # include <inttypes.h>
| #endif
| #ifdef HAVE_STDINT_H
| # include <stdint.h>
| #endif
| #ifdef HAVE_UNISTD_H
| # include <unistd.h>
| #endif
| 
| #include <dlfcn.h>
configure:8490: result: no
configure:8746: checking for objdir
configure:8761: result: .libs
configure:9025: checking if gcc supports -fno-rtti -fno-exceptions
configure:9043: gcc -c -g -O2 -Wall -fno-strict-aliasing  -fno-rtti -fno-exceptions conftest.c >&5
cc1.exe: warning: command line option '-fno-rtti' is valid for C++/ObjC++ but not for C
configure:9047: $? = 0
configure:9060: result: no
configure:9418: checking for gcc option to produce PIC
configure:9425: result: -DDLL_EXPORT -DPIC
configure:9433: checking if gcc PIC flag -DDLL_EXPORT -DPIC works
configure:9451: gcc -c -g -O2 -Wall -fno-strict-aliasing  -DDLL_EXPORT -DPIC -DPIC conftest.c >&5
configure:9455: $? = 0
configure:9468: result: yes
configure:9497: checking if gcc static flag -static works
configure:9525: result: yes
configure:9540: checking if gcc supports -c -o file.o
configure:9561: gcc -c -g -O2 -Wall -fno-strict-aliasing  -o out/conftest2.o conftest.c >&5
configure:9565: $? = 0
configure:9587: result: yes
configure:9595: checking if gcc supports -c -o file.o
configure:9642: result: yes
configure:9675: checking whether the gcc linker (c:/mingw32/i686-w64-mingw32/bin/ld.exe) supports shared libraries
configure:10936: result: yes
configure:11176: checking dynamic linker characteristics
configure:11994: result: Win32 ld.exe
configure:12116: checking how to hardcode library paths into programs
configure:12141: result: immediate
configure:12689: checking whether stripping libraries is possible
configure:12698: result: yes
configure:12740: checking if libtool supports shared libraries
configure:12742: result: yes
configure:12745: checking whether to build shared libraries
configure:12770: result: no
configure:12773: checking whether to build static libraries
configure:12777: result: yes
configure:12834: checking for library containing inet_ntoa
configure:12865: gcc -o conftest.exe -g -O2 -Wall -fno-strict-aliasing   conftest.c  >&5
C:\DOCUME~1\adam\LOCALS~1\Temp\ccGj6pa7.o: In function `main':
c:\Deps\libevent-2.1.12-stable/conftest.c:39: undefined reference to `inet_ntoa'
collect2.exe: error: ld returned 1 exit status
configure:12865: $? = 1
configure: failed program was:
| /* confdefs.h */
| #define PACKAGE_NAME "libevent"
| #define PACKAGE_TARNAME "libevent"
| #define PACKAGE_VERSION "2.1.12-stable"
| #define PACKAGE_STRING "libevent 2.1.12-stable"
| #define PACKAGE_BUGREPORT ""
| #define PACKAGE_URL ""
| #define PACKAGE "libevent"
| #define VERSION "2.1.12-stable"
| #define NUMERIC_VERSION 0x02010c00
| #define STDC_HEADERS 1
| #define HAVE_SYS_TYPES_H 1
| #define HAVE_SYS_STAT_H 1
| #define HAVE_STDLIB_H 1
| #define HAVE_STRING_H 1
| #define HAVE_MEMORY_H 1
| #define HAVE_STRINGS_H 1
| #define HAVE_INTTYPES_H 1
| #define HAVE_STDINT_H 1
| #define HAVE_UNISTD_H 1
| #define __EXTENSIONS__ 1
| #define _ALL_SOURCE 1
| #define _GNU_SOURCE 1
| #define _POSIX_PTHREAD_SEMANTICS 1
| #define _TANDEM_SOURCE 1
| #define LT_OBJDIR ".libs/"
| /* end confdefs.h.  */
| 
| /* Override any GCC internal prototype to avoid an error.
|    Use char because int might match the return type of a GCC
|    builtin and then its argument prototype would still apply.  */
| #ifdef __cplusplus
| extern "C"
| #endif
| char inet_ntoa ();
| int
| main ()
| {
| return inet_ntoa ();
|   ;
|   return 0;
| }
configure:12865: gcc -o conftest.exe -g -O2 -Wall -fno-strict-aliasing   conftest.c -lnsl   >&5
c:/mingw32/bin/../lib/gcc/i686-w64-mingw32/4.9.2/../../../../i686-w64-mingw32/bin/ld.exe: cannot find -lnsl
collect2.exe: error: ld returned 1 exit status
configure:12865: $? = 1
configure: failed program was:
| /* confdefs.h */
| #define PACKAGE_NAME "libevent"
| #define PACKAGE_TARNAME "libevent"
| #define PACKAGE_VERSION "2.1.12-stable"
| #define PACKAGE_STRING "libevent 2.1.12-stable"
| #define PACKAGE_BUGREPORT ""
| #define PACKAGE_URL ""
| #define PACKAGE "libevent"
| #define VERSION "2.1.12-stable"
| #define NUMERIC_VERSION 0x02010c00
| #define STDC_HEADERS 1
| #define HAVE_SYS_TYPES_H 1
| #define HAVE_SYS_STAT_H 1
| #define HAVE_STDLIB_H 1
| #define HAVE_STRING_H 1
| #define HAVE_MEMORY_H 1
| #define HAVE_STRINGS_H 1
| #define HAVE_INTTYPES_H 1
| #define HAVE_STDINT_H 1
| #define HAVE_UNISTD_H 1
| #define __EXTENSIONS__ 1
| #define _ALL_SOURCE 1
| #define _GNU_SOURCE 1
| #define _POSIX_PTHREAD_SEMANTICS 1
| #define _TANDEM_SOURCE 1
| #define LT_OBJDIR ".libs/"
| /* end confdefs.h.  */
| 
| /* Override any GCC internal prototype to avoid an error.
|    Use char because int might match the return type of a GCC
|    builtin and then its argument prototype would still apply.  */
| #ifdef __cplusplus
| extern "C"
| #endif
| char inet_ntoa ();
| int
| main ()
| {
| return inet_ntoa ();
|   ;
|   return 0;
| }
configure:12882: result: no
configure:12890: checking for library containing socket
configure:12921: gcc -o conftest.exe -g -O2 -Wall -fno-strict-aliasing   conftest.c  >&5
C:\DOCUME~1\adam\LOCALS~1\Temp\cca3vVhs.o: In function `main':
c:\Deps\libevent-2.1.12-stable/conftest.c:39: undefined reference to `socket'
collect2.exe: error: ld returned 1 exit status
configure:12921: $? = 1
configure: failed program was:
| /* confdefs.h */
| #define PACKAGE_NAME "libevent"
| #define PACKAGE_TARNAME "libevent"
| #define PACKAGE_VERSION "2.1.12-stable"
| #define PACKAGE_STRING "libevent 2.1.12-stable"
| #define PACKAGE_BUGREPORT ""
| #define PACKAGE_URL ""
| #define PACKAGE "libevent"
| #define VERSION "2.1.12-stable"
| #define NUMERIC_VERSION 0x02010c00
| #define STDC_HEADERS 1
| #define HAVE_SYS_TYPES_H 1
| #define HAVE_SYS_STAT_H 1
| #define HAVE_STDLIB_H 1
| #define HAVE_STRING_H 1
| #define HAVE_MEMORY_H 1
| #define HAVE_STRINGS_H 1
| #define HAVE_INTTYPES_H 1
| #define HAVE_STDINT_H 1
| #define HAVE_UNISTD_H 1
| #define __EXTENSIONS__ 1
| #define _ALL_SOURCE 1
| #define _GNU_SOURCE 1
| #define _POSIX_PTHREAD_SEMANTICS 1
| #define _TANDEM_SOURCE 1
| #define LT_OBJDIR ".libs/"
| /* end confdefs.h.  */
| 
| /* Override any GCC internal prototype to avoid an error.
|    Use char because int might match the return type of a GCC
|    builtin and then its argument prototype would still apply.  */
| #ifdef __cplusplus
| extern "C"
| #endif
| char socket ();
| int
| main ()
| {
| return socket ();
|   ;
|   return 0;
| }
configure:12921: gcc -o conftest.exe -g -O2 -Wall -fno-strict-aliasing   conftest.c -lsocket   >&5
c:/mingw32/bin/../lib/gcc/i686-w64-mingw32/4.9.2/../../../../i686-w64-mingw32/bin/ld.exe: cannot find -lsocket
collect2.exe: error: ld returned 1 exit status
configure:12921: $? = 1
configure: failed program was:
| /* confdefs.h */
| #define PACKAGE_NAME "libevent"
| #define PACKAGE_TARNAME "libevent"
| #define PACKAGE_VERSION "2.1.12-stable"
| #define PACKAGE_STRING "libevent 2.1.12-stable"
| #define PACKAGE_BUGREPORT ""
| #define PACKAGE_URL ""
| #define PACKAGE "libevent"
| #define VERSION "2.1.12-stable"
| #define NUMERIC_VERSION 0x02010c00
| #define STDC_HEADERS 1
| #define HAVE_SYS_TYPES_H 1
| #define HAVE_SYS_STAT_H 1
| #define HAVE_STDLIB_H 1
| #define HAVE_STRING_H 1
| #define HAVE_MEMORY_H 1
| #define HAVE_STRINGS_H 1
| #define HAVE_INTTYPES_H 1
| #define HAVE_STDINT_H 1
| #define HAVE_UNISTD_H 1
| #define __EXTENSIONS__ 1
| #define _ALL_SOURCE 1
| #define _GNU_SOURCE 1
| #define _POSIX_PTHREAD_SEMANTICS 1
| #define _TANDEM_SOURCE 1
| #define LT_OBJDIR ".libs/"
| /* end confdefs.h.  */
| 
| /* Override any GCC internal prototype to avoid an error.
|    Use char because int might match the return type of a GCC
|    builtin and then its argument prototype would still apply.  */
| #ifdef __cplusplus
| extern "C"
| #endif
| char socket ();
| int
| main ()
| {
| return socket ();
|   ;
|   return 0;
| }
configure:12938: result: no
configure:12946: checking for library containing inet_aton
configure:12977: gcc -o conftest.exe -g -O2 -Wall -fno-strict-aliasing   conftest.c  >&5
C:\DOCUME~1\adam\LOCALS~1\Temp\ccslHXqo.o: In function `main':
c:\Deps\libevent-2.1.12-stable/conftest.c:39: undefined reference to `inet_aton'
collect2.exe: error: ld returned 1 exit status
configure:12977: $? = 1
configure: failed program was:
| /* confdefs.h */
| #define PACKAGE_NAME "libevent"
| #define PACKAGE_TARNAME "libevent"
| #define PACKAGE_VERSION "2.1.12-stable"
| #define PACKAGE_STRING "libevent 2.1.12-stable"
| #define PACKAGE_BUGREPORT ""
| #define PACKAGE_URL ""
| #define PACKAGE "libevent"
| #define VERSION "2.1.12-stable"
| #define NUMERIC_VERSION 0x02010c00
| #define STDC_HEADERS 1
| #define HAVE_SYS_TYPES_H 1
| #define HAVE_SYS_STAT_H 1
| #define HAVE_STDLIB_H 1
| #define HAVE_STRING_H 1
| #define HAVE_MEMORY_H 1
| #define HAVE_STRINGS_H 1
| #define HAVE_INTTYPES_H 1
| #define HAVE_STDINT_H 1
| #define HAVE_UNISTD_H 1
| #define __EXTENSIONS__ 1
| #define _ALL_SOURCE 1
| #define _GNU_SOURCE 1
| #define _POSIX_PTHREAD_SEMANTICS 1
| #define _TANDEM_SOURCE 1
| #define LT_OBJDIR ".libs/"
| /* end confdefs.h.  */
| 
| /* Override any GCC internal prototype to avoid an error.
|    Use char because int might match the return type of a GCC
|    builtin and then its argument prototype would still apply.  */
| #ifdef __cplusplus
| extern "C"
| #endif
| char inet_aton ();
| int
| main ()
| {
| return inet_aton ();
|   ;
|   return 0;
| }
configure:12977: gcc -o conftest.exe -g -O2 -Wall -fno-strict-aliasing   conftest.c -lresolv   >&5
c:/mingw32/bin/../lib/gcc/i686-w64-mingw32/4.9.2/../../../../i686-w64-mingw32/bin/ld.exe: cannot find -lresolv
collect2.exe: error: ld returned 1 exit status
configure:12977: $? = 1
configure: failed program was:
| /* confdefs.h */
| #define PACKAGE_NAME "libevent"
| #define PACKAGE_TARNAME "libevent"
| #define PACKAGE_VERSION "2.1.12-stable"
| #define PACKAGE_STRING "libevent 2.1.12-stable"
| #define PACKAGE_BUGREPORT ""
| #define PACKAGE_URL ""
| #define PACKAGE "libevent"
| #define VERSION "2.1.12-stable"
| #define NUMERIC_VERSION 0x02010c00
| #define STDC_HEADERS 1
| #define HAVE_SYS_TYPES_H 1
| #define HAVE_SYS_STAT_H 1
| #define HAVE_STDLIB_H 1
| #define HAVE_STRING_H 1
| #define HAVE_MEMORY_H 1
| #define HAVE_STRINGS_H 1
| #define HAVE_INTTYPES_H 1
| #define HAVE_STDINT_H 1
| #define HAVE_UNISTD_H 1
| #define __EXTENSIONS__ 1
| #define _ALL_SOURCE 1
| #define _GNU_SOURCE 1
| #define _POSIX_PTHREAD_SEMANTICS 1
| #define _TANDEM_SOURCE 1
| #define LT_OBJDIR ".libs/"
| /* end confdefs.h.  */
| 
| /* Override any GCC internal prototype to avoid an error.
|    Use char because int might match the return type of a GCC
|    builtin and then its argument prototype would still apply.  */
| #ifdef __cplusplus
| extern "C"
| #endif
| char inet_aton ();
| int
| main ()
| {
| return inet_aton ();
|   ;
|   return 0;
| }
configure:12994: result: no
configure:13003: checking for library containing clock_gettime
configure:13034: gcc -o conftest.exe -g -O2 -Wall -fno-strict-aliasing   conftest.c  >&5
configure:13034: $? = 0
configure:13051: result: none required
configure:13061: checking for clock_gettime
configure:13061: gcc -o conftest.exe -g -O2 -Wall -fno-strict-aliasing   conftest.c  >&5
configure:13061: $? = 0
configure:13061: result: yes
configure:13071: checking for library containing sendfile
configure:13102: gcc -o conftest.exe -g -O2 -Wall -fno-strict-aliasing   conftest.c  >&5
C:\DOCUME~1\adam\LOCALS~1\Temp\cccoHXqo.o: In function `main':
c:\Deps\libevent-2.1.12-stable/conftest.c:40: undefined reference to `sendfile'
collect2.exe: error: ld returned 1 exit status
configure:13102: $? = 1
configure: failed program was:
| /* confdefs.h */
| #define PACKAGE_NAME "libevent"
| #define PACKAGE_TARNAME "libevent"
| #define PACKAGE_VERSION "2.1.12-stable"
| #define PACKAGE_STRING "libevent 2.1.12-stable"
| #define PACKAGE_BUGREPORT ""
| #define PACKAGE_URL ""
| #define PACKAGE "libevent"
| #define VERSION "2.1.12-stable"
| #define NUMERIC_VERSION 0x02010c00
| #define STDC_HEADERS 1
| #define HAVE_SYS_TYPES_H 1
| #define HAVE_SYS_STAT_H 1
| #define HAVE_STDLIB_H 1
| #define HAVE_STRING_H 1
| #define HAVE_MEMORY_H 1
| #define HAVE_STRINGS_H 1
| #define HAVE_INTTYPES_H 1
| #define HAVE_STDINT_H 1
| #define HAVE_UNISTD_H 1
| #define __EXTENSIONS__ 1
| #define _ALL_SOURCE 1
| #define _GNU_SOURCE 1
| #define _POSIX_PTHREAD_SEMANTICS 1
| #define _TANDEM_SOURCE 1
| #define LT_OBJDIR ".libs/"
| #define HAVE_CLOCK_GETTIME 1
| /* end confdefs.h.  */
| 
| /* Override any GCC internal prototype to avoid an error.
|    Use char because int might match the return type of a GCC
|    builtin and then its argument prototype would still apply.  */
| #ifdef __cplusplus
| extern "C"
| #endif
| char sendfile ();
| int
| main ()
| {
| return sendfile ();
|   ;
|   return 0;
| }
configure:13102: gcc -o conftest.exe -g -O2 -Wall -fno-strict-aliasing   conftest.c -lsendfile   >&5
c:/mingw32/bin/../lib/gcc/i686-w64-mingw32/4.9.2/../../../../i686-w64-mingw32/bin/ld.exe: cannot find -lsendfile
collect2.exe: error: ld returned 1 exit status
configure:13102: $? = 1
configure: failed program was:
| /* confdefs.h */
| #define PACKAGE_NAME "libevent"
| #define PACKAGE_TARNAME "libevent"
| #define PACKAGE_VERSION "2.1.12-stable"
| #define PACKAGE_STRING "libevent 2.1.12-stable"
| #define PACKAGE_BUGREPORT ""
| #define PACKAGE_URL ""
| #define PACKAGE "libevent"
| #define VERSION "2.1.12-stable"
| #define NUMERIC_VERSION 0x02010c00
| #define STDC_HEADERS 1
| #define HAVE_SYS_TYPES_H 1
| #define HAVE_SYS_STAT_H 1
| #define HAVE_STDLIB_H 1
| #define HAVE_STRING_H 1
| #define HAVE_MEMORY_H 1
| #define HAVE_STRINGS_H 1
| #define HAVE_INTTYPES_H 1
| #define HAVE_STDINT_H 1
| #define HAVE_UNISTD_H 1
| #define __EXTENSIONS__ 1
| #define _ALL_SOURCE 1
| #define _GNU_SOURCE 1
| #define _POSIX_PTHREAD_SEMANTICS 1
| #define _TANDEM_SOURCE 1
| #define LT_OBJDIR ".libs/"
| #define HAVE_CLOCK_GETTIME 1
| /* end confdefs.h.  */
| 
| /* Override any GCC internal prototype to avoid an error.
|    Use char because int might match the return type of a GCC
|    builtin and then its argument prototype would still apply.  */
| #ifdef __cplusplus
| extern "C"
| #endif
| char sendfile ();
| int
| main ()
| {
| return sendfile ();
|   ;
|   return 0;
| }
configure:13119: result: no
configure:13128: checking for WIN32
configure:13146: gcc -c -g -O2 -Wall -fno-strict-aliasing  conftest.c >&5
configure:13146: $? = 0
configure:13147: result: yes
configure:13156: checking for MIDIPIX
configure:13174: gcc -c -g -O2 -Wall -fno-strict-aliasing  conftest.c >&5
conftest.c: In function 'main':
conftest.c:35:1: error: unknown type name 'die'
 die horribly
 ^
conftest.c:35:5: warning: unused variable 'horribly' [-Wunused-variable]
 die horribly
     ^
configure:13174: $? = 1
configure: failed program was:
| /* confdefs.h */
| #define PACKAGE_NAME "libevent"
| #define PACKAGE_TARNAME "libevent"
| #define PACKAGE_VERSION "2.1.12-stable"
| #define PACKAGE_STRING "libevent 2.1.12-stable"
| #define PACKAGE_BUGREPORT ""
| #define PACKAGE_URL ""
| #define PACKAGE "libevent"
| #define VERSION "2.1.12-stable"
| #define NUMERIC_VERSION 0x02010c00
| #define STDC_HEADERS 1
| #define HAVE_SYS_TYPES_H 1
| #define HAVE_SYS_STAT_H 1
| #define HAVE_STDLIB_H 1
| #define HAVE_STRING_H 1
| #define HAVE_MEMORY_H 1
| #define HAVE_STRINGS_H 1
| #define HAVE_INTTYPES_H 1
| #define HAVE_STDINT_H 1
| #define HAVE_UNISTD_H 1
| #define __EXTENSIONS__ 1
| #define _ALL_SOURCE 1
| #define _GNU_SOURCE 1
| #define _POSIX_PTHREAD_SEMANTICS 1
| #define _TANDEM_SOURCE 1
| #define LT_OBJDIR ".libs/"
| #define HAVE_CLOCK_GETTIME 1
| /* end confdefs.h.  */
| 
| int
| main ()
| {
| 
| #ifndef __midipix__
| die horribly
| #endif
| 
| 
|   ;
|   return 0;
| }
configure:13178: result: no
configure:13184: checking for CYGWIN
configure:13202: gcc -c -g -O2 -Wall -fno-strict-aliasing  conftest.c >&5
conftest.c: In function 'main':
conftest.c:35:1: error: unknown type name 'die'
 die horribly
 ^
conftest.c:35:5: warning: unused variable 'horribly' [-Wunused-variable]
 die horribly
     ^
configure:13202: $? = 1
configure: failed program was:
| /* confdefs.h */
| #define PACKAGE_NAME "libevent"
| #define PACKAGE_TARNAME "libevent"
| #define PACKAGE_VERSION "2.1.12-stable"
| #define PACKAGE_STRING "libevent 2.1.12-stable"
| #define PACKAGE_BUGREPORT ""
| #define PACKAGE_URL ""
| #define PACKAGE "libevent"
| #define VERSION "2.1.12-stable"
| #define NUMERIC_VERSION 0x02010c00
| #define STDC_HEADERS 1
| #define HAVE_SYS_TYPES_H 1
| #define HAVE_SYS_STAT_H 1
| #define HAVE_STDLIB_H 1
| #define HAVE_STRING_H 1
| #define HAVE_MEMORY_H 1
| #define HAVE_STRINGS_H 1
| #define HAVE_INTTYPES_H 1
| #define HAVE_STDINT_H 1
| #define HAVE_UNISTD_H 1
| #define __EXTENSIONS__ 1
| #define _ALL_SOURCE 1
| #define _GNU_SOURCE 1
| #define _POSIX_PTHREAD_SEMANTICS 1
| #define _TANDEM_SOURCE 1
| #define LT_OBJDIR ".libs/"
| #define HAVE_CLOCK_GETTIME 1
| /* end confdefs.h.  */
| 
| int
| main ()
| {
| 
| #ifndef __CYGWIN__
| die horribly
| #endif
| 
| 
|   ;
|   return 0;
| }
configure:13206: result: no
configure:13214: checking zlib.h usability
configure:13214: gcc -c -g -O2 -Wall -fno-strict-aliasing  conftest.c >&5
configure:13214: $? = 0
configure:13214: result: yes
configure:13214: checking zlib.h presence
configure:13214: gcc -E  conftest.c
configure:13214: $? = 0
configure:13214: result: yes
configure:13214: checking for zlib.h
configure:13214: result: yes
configure:13230: checking for library containing inflateEnd
configure:13261: gcc -o conftest.exe -g -O2 -Wall -fno-strict-aliasing   conftest.c  >&5
C:\DOCUME~1\adam\LOCALS~1\Temp\cc4CLOIe.o: In function `main':
c:\Deps\libevent-2.1.12-stable/conftest.c:41: undefined reference to `inflateEnd'
collect2.exe: error: ld returned 1 exit status
configure:13261: $? = 1
configure: failed program was:
| /* confdefs.h */
| #define PACKAGE_NAME "libevent"
| #define PACKAGE_TARNAME "libevent"
| #define PACKAGE_VERSION "2.1.12-stable"
| #define PACKAGE_STRING "libevent 2.1.12-stable"
| #define PACKAGE_BUGREPORT ""
| #define PACKAGE_URL ""
| #define PACKAGE "libevent"
| #define VERSION "2.1.12-stable"
| #define NUMERIC_VERSION 0x02010c00
| #define STDC_HEADERS 1
| #define HAVE_SYS_TYPES_H 1
| #define HAVE_SYS_STAT_H 1
| #define HAVE_STDLIB_H 1
| #define HAVE_STRING_H 1
| #define HAVE_MEMORY_H 1
| #define HAVE_STRINGS_H 1
| #define HAVE_INTTYPES_H 1
| #define HAVE_STDINT_H 1
| #define HAVE_UNISTD_H 1
| #define __EXTENSIONS__ 1
| #define _ALL_SOURCE 1
| #define _GNU_SOURCE 1
| #define _POSIX_PTHREAD_SEMANTICS 1
| #define _TANDEM_SOURCE 1
| #define LT_OBJDIR ".libs/"
| #define HAVE_CLOCK_GETTIME 1
| #define HAVE_ZLIB_H 1
| /* end confdefs.h.  */
| 
| /* Override any GCC internal prototype to avoid an error.
|    Use char because int might match the return type of a GCC
|    builtin and then its argument prototype would still apply.  */
| #ifdef __cplusplus
| extern "C"
| #endif
| char inflateEnd ();
| int
| main ()
| {
| return inflateEnd ();
|   ;
|   return 0;
| }
configure:13261: gcc -o conftest.exe -g -O2 -Wall -fno-strict-aliasing   conftest.c -lz   >&5
configure:13261: $? = 0
configure:13278: result: -lz
configure:13320: checking for special C compiler options needed for large files
configure:13365: result: no
configure:13371: checking for _FILE_OFFSET_BITS value needed for large files
configure:13396: gcc -c -g -O2 -Wall -fno-strict-aliasing  conftest.c >&5
conftest.c:37:3: warning: left shift count >= width of type
   int off_t_is_large[(LARGE_OFF_T % 2147483629 == 721
   ^
conftest.c:37:3: warning: left shift count >= width of type
conftest.c:38:10: warning: left shift count >= width of type
          && LARGE_OFF_T % 2147483647 == 1)
          ^
conftest.c:38:10: warning: left shift count >= width of type
conftest.c:37:7: error: variably modified 'off_t_is_large' at file scope
   int off_t_is_large[(LARGE_OFF_T % 2147483629 == 721
       ^
configure:13396: $? = 1
configure: failed program was:
| /* confdefs.h */
| #define PACKAGE_NAME "libevent"
| #define PACKAGE_TARNAME "libevent"
| #define PACKAGE_VERSION "2.1.12-stable"
| #define PACKAGE_STRING "libevent 2.1.12-stable"
| #define PACKAGE_BUGREPORT ""
| #define PACKAGE_URL ""
| #define PACKAGE "libevent"
| #define VERSION "2.1.12-stable"
| #define NUMERIC_VERSION 0x02010c00
| #define STDC_HEADERS 1
| #define HAVE_SYS_TYPES_H 1
| #define HAVE_SYS_STAT_H 1
| #define HAVE_STDLIB_H 1
| #define HAVE_STRING_H 1
| #define HAVE_MEMORY_H 1
| #define HAVE_STRINGS_H 1
| #define HAVE_INTTYPES_H 1
| #define HAVE_STDINT_H 1
| #define HAVE_UNISTD_H 1
| #define __EXTENSIONS__ 1
| #define _ALL_SOURCE 1
| #define _GNU_SOURCE 1
| #define _POSIX_PTHREAD_SEMANTICS 1
| #define _TANDEM_SOURCE 1
| #define LT_OBJDIR ".libs/"
| #define HAVE_CLOCK_GETTIME 1
| #define HAVE_ZLIB_H 1
| #define HAVE_LIBZ 1
| /* end confdefs.h.  */
| #include <sys/types.h>
|  /* Check that off_t can represent 2**63 - 1 correctly.
|     We can't simply define LARGE_OFF_T to be 9223372036854775807,
|     since some C++ compilers masquerading as C compilers
|     incorrectly reject 9223372036854775807.  */
| #define LARGE_OFF_T (((off_t) 1 << 62) - 1 + ((off_t) 1 << 62))
|   int off_t_is_large[(LARGE_OFF_T % 2147483629 == 721
| 		       && LARGE_OFF_T % 2147483647 == 1)
| 		      ? 1 : -1];
| int
| main ()
| {
| 
|   ;
|   return 0;
| }
configure:13420: gcc -c -g -O2 -Wall -fno-strict-aliasing  conftest.c >&5
configure:13420: $? = 0
configure:13428: result: 64
configure:13563: checking for pkg-config
configure:13596: result: no
configure:13662: checking for library containing SSL_new
configure:13693: gcc -o conftest.exe -g -O2 -Wall -fno-strict-aliasing   conftest.c  >&5
C:\DOCUME~1\adam\LOCALS~1\Temp\ccgeYNIN.o: In function `main':
c:\Deps\libevent-2.1.12-stable/conftest.c:43: undefined reference to `SSL_new'
collect2.exe: error: ld returned 1 exit status
configure:13693: $? = 1
configure: failed program was:
| /* confdefs.h */
| #define PACKAGE_NAME "libevent"
| #define PACKAGE_TARNAME "libevent"
| #define PACKAGE_VERSION "2.1.12-stable"
| #define PACKAGE_STRING "libevent 2.1.12-stable"
| #define PACKAGE_BUGREPORT ""
| #define PACKAGE_URL ""
| #define PACKAGE "libevent"
| #define VERSION "2.1.12-stable"
| #define NUMERIC_VERSION 0x02010c00
| #define STDC_HEADERS 1
| #define HAVE_SYS_TYPES_H 1
| #define HAVE_SYS_STAT_H 1
| #define HAVE_STDLIB_H 1
| #define HAVE_STRING_H 1
| #define HAVE_MEMORY_H 1
| #define HAVE_STRINGS_H 1
| #define HAVE_INTTYPES_H 1
| #define HAVE_STDINT_H 1
| #define HAVE_UNISTD_H 1
| #define __EXTENSIONS__ 1
| #define _ALL_SOURCE 1
| #define _GNU_SOURCE 1
| #define _POSIX_PTHREAD_SEMANTICS 1
| #define _TANDEM_SOURCE 1
| #define LT_OBJDIR ".libs/"
| #define HAVE_CLOCK_GETTIME 1
| #define HAVE_ZLIB_H 1
| #define HAVE_LIBZ 1
| #define _FILE_OFFSET_BITS 64
| /* end confdefs.h.  */
| 
| /* Override any GCC internal prototype to avoid an error.
|    Use char because int might match the return type of a GCC
|    builtin and then its argument prototype would still apply.  */
| #ifdef __cplusplus
| extern "C"
| #endif
| char SSL_new ();
| int
| main ()
| {
| return SSL_new ();
|   ;
|   return 0;
| }
configure:13693: gcc -o conftest.exe -g -O2 -Wall -fno-strict-aliasing   conftest.c -lssl -lcrypto -lgdi32 -lws2_32   >&5
c:/mingw32/bin/../lib/gcc/i686-w64-mingw32/4.9.2/../../../../i686-w64-mingw32/bin/ld.exe: cannot find -lssl
c:/mingw32/bin/../lib/gcc/i686-w64-mingw32/4.9.2/../../../../i686-w64-mingw32/bin/ld.exe: cannot find -lcrypto
collect2.exe: error: ld returned 1 exit status
configure:13693: $? = 1
configure: failed program was:
| /* confdefs.h */
| #define PACKAGE_NAME "libevent"
| #define PACKAGE_TARNAME "libevent"
| #define PACKAGE_VERSION "2.1.12-stable"
| #define PACKAGE_STRING "libevent 2.1.12-stable"
| #define PACKAGE_BUGREPORT ""
| #define PACKAGE_URL ""
| #define PACKAGE "libevent"
| #define VERSION "2.1.12-stable"
| #define NUMERIC_VERSION 0x02010c00
| #define STDC_HEADERS 1
| #define HAVE_SYS_TYPES_H 1
| #define HAVE_SYS_STAT_H 1
| #define HAVE_STDLIB_H 1
| #define HAVE_STRING_H 1
| #define HAVE_MEMORY_H 1
| #define HAVE_STRINGS_H 1
| #define HAVE_INTTYPES_H 1
| #define HAVE_STDINT_H 1
| #define HAVE_UNISTD_H 1
| #define __EXTENSIONS__ 1
| #define _ALL_SOURCE 1
| #define _GNU_SOURCE 1
| #define _POSIX_PTHREAD_SEMANTICS 1
| #define _TANDEM_SOURCE 1
| #define LT_OBJDIR ".libs/"
| #define HAVE_CLOCK_GETTIME 1
| #define HAVE_ZLIB_H 1
| #define HAVE_LIBZ 1
| #define _FILE_OFFSET_BITS 64
| /* end confdefs.h.  */
| 
| /* Override any GCC internal prototype to avoid an error.
|    Use char because int might match the return type of a GCC
|    builtin and then its argument prototype would still apply.  */
| #ifdef __cplusplus
| extern "C"
| #endif
| char SSL_new ();
| int
| main ()
| {
| return SSL_new ();
|   ;
|   return 0;
| }
configure:13693: gcc -o conftest.exe -g -O2 -Wall -fno-strict-aliasing   conftest.c -lssl32 -lcrypto -lgdi32 -lws2_32   >&5
c:/mingw32/bin/../lib/gcc/i686-w64-mingw32/4.9.2/../../../../i686-w64-mingw32/bin/ld.exe: cannot find -lssl32
c:/mingw32/bin/../lib/gcc/i686-w64-mingw32/4.9.2/../../../../i686-w64-mingw32/bin/ld.exe: cannot find -lcrypto
collect2.exe: error: ld returned 1 exit status
configure:13693: $? = 1
configure: failed program was:
| /* confdefs.h */
| #define PACKAGE_NAME "libevent"
| #define PACKAGE_TARNAME "libevent"
| #define PACKAGE_VERSION "2.1.12-stable"
| #define PACKAGE_STRING "libevent 2.1.12-stable"
| #define PACKAGE_BUGREPORT ""
| #define PACKAGE_URL ""
| #define PACKAGE "libevent"
| #define VERSION "2.1.12-stable"
| #define NUMERIC_VERSION 0x02010c00
| #define STDC_HEADERS 1
| #define HAVE_SYS_TYPES_H 1
| #define HAVE_SYS_STAT_H 1
| #define HAVE_STDLIB_H 1
| #define HAVE_STRING_H 1
| #define HAVE_MEMORY_H 1
| #define HAVE_STRINGS_H 1
| #define HAVE_INTTYPES_H 1
| #define HAVE_STDINT_H 1
| #define HAVE_UNISTD_H 1
| #define __EXTENSIONS__ 1
| #define _ALL_SOURCE 1
| #define _GNU_SOURCE 1
| #define _POSIX_PTHREAD_SEMANTICS 1
| #define _TANDEM_SOURCE 1
| #define LT_OBJDIR ".libs/"
| #define HAVE_CLOCK_GETTIME 1
| #define HAVE_ZLIB_H 1
| #define HAVE_LIBZ 1
| #define _FILE_OFFSET_BITS 64
| /* end confdefs.h.  */
| 
| /* Override any GCC internal prototype to avoid an error.
|    Use char because int might match the return type of a GCC
|    builtin and then its argument prototype would still apply.  */
| #ifdef __cplusplus
| extern "C"
| #endif
| char SSL_new ();
| int
| main ()
| {
| return SSL_new ();
|   ;
|   return 0;
| }
configure:13710: result: no
configure:13662: checking for library containing SSL_new
configure:13693: gcc -o conftest.exe -g -O2 -Wall -fno-strict-aliasing   conftest.c  >&5
C:\DOCUME~1\adam\LOCALS~1\Temp\cciqIXqo.o: In function `main':
c:\Deps\libevent-2.1.12-stable/conftest.c:43: undefined reference to `SSL_new'
collect2.exe: error: ld returned 1 exit status
configure:13693: $? = 1
configure: failed program was:
| /* confdefs.h */
| #define PACKAGE_NAME "libevent"
| #define PACKAGE_TARNAME "libevent"
| #define PACKAGE_VERSION "2.1.12-stable"
| #define PACKAGE_STRING "libevent 2.1.12-stable"
| #define PACKAGE_BUGREPORT ""
| #define PACKAGE_URL ""
| #define PACKAGE "libevent"
| #define VERSION "2.1.12-stable"
| #define NUMERIC_VERSION 0x02010c00
| #define STDC_HEADERS 1
| #define HAVE_SYS_TYPES_H 1
| #define HAVE_SYS_STAT_H 1
| #define HAVE_STDLIB_H 1
| #define HAVE_STRING_H 1
| #define HAVE_MEMORY_H 1
| #define HAVE_STRINGS_H 1
| #define HAVE_INTTYPES_H 1
| #define HAVE_STDINT_H 1
| #define HAVE_UNISTD_H 1
| #define __EXTENSIONS__ 1
| #define _ALL_SOURCE 1
| #define _GNU_SOURCE 1
| #define _POSIX_PTHREAD_SEMANTICS 1
| #define _TANDEM_SOURCE 1
| #define LT_OBJDIR ".libs/"
| #define HAVE_CLOCK_GETTIME 1
| #define HAVE_ZLIB_H 1
| #define HAVE_LIBZ 1
| #define _FILE_OFFSET_BITS 64
| /* end confdefs.h.  */
| 
| /* Override any GCC internal prototype to avoid an error.
|    Use char because int might match the return type of a GCC
|    builtin and then its argument prototype would still apply.  */
| #ifdef __cplusplus
| extern "C"
| #endif
| char SSL_new ();
| int
| main ()
| {
| return SSL_new ();
|   ;
|   return 0;
| }
configure:13693: gcc -o conftest.exe -g -O2 -Wall -fno-strict-aliasing   conftest.c -lssl -leay32 -lgdi32 -lws2_32   >&5
c:/mingw32/bin/../lib/gcc/i686-w64-mingw32/4.9.2/../../../../i686-w64-mingw32/bin/ld.exe: cannot find -lssl
c:/mingw32/bin/../lib/gcc/i686-w64-mingw32/4.9.2/../../../../i686-w64-mingw32/bin/ld.exe: cannot find -leay32
collect2.exe: error: ld returned 1 exit status
configure:13693: $? = 1
configure: failed program was:
| /* confdefs.h */
| #define PACKAGE_NAME "libevent"
| #define PACKAGE_TARNAME "libevent"
| #define PACKAGE_VERSION "2.1.12-stable"
| #define PACKAGE_STRING "libevent 2.1.12-stable"
| #define PACKAGE_BUGREPORT ""
| #define PACKAGE_URL ""
| #define PACKAGE "libevent"
| #define VERSION "2.1.12-stable"
| #define NUMERIC_VERSION 0x02010c00
| #define STDC_HEADERS 1
| #define HAVE_SYS_TYPES_H 1
| #define HAVE_SYS_STAT_H 1
| #define HAVE_STDLIB_H 1
| #define HAVE_STRING_H 1
| #define HAVE_MEMORY_H 1
| #define HAVE_STRINGS_H 1
| #define HAVE_INTTYPES_H 1
| #define HAVE_STDINT_H 1
| #define HAVE_UNISTD_H 1
| #define __EXTENSIONS__ 1
| #define _ALL_SOURCE 1
| #define _GNU_SOURCE 1
| #define _POSIX_PTHREAD_SEMANTICS 1
| #define _TANDEM_SOURCE 1
| #define LT_OBJDIR ".libs/"
| #define HAVE_CLOCK_GETTIME 1
| #define HAVE_ZLIB_H 1
| #define HAVE_LIBZ 1
| #define _FILE_OFFSET_BITS 64
| /* end confdefs.h.  */
| 
| /* Override any GCC internal prototype to avoid an error.
|    Use char because int might match the return type of a GCC
|    builtin and then its argument prototype would still apply.  */
| #ifdef __cplusplus
| extern "C"
| #endif
| char SSL_new ();
| int
| main ()
| {
| return SSL_new ();
|   ;
|   return 0;
| }
configure:13693: gcc -o conftest.exe -g -O2 -Wall -fno-strict-aliasing   conftest.c -lssl32 -leay32 -lgdi32 -lws2_32   >&5
c:/mingw32/bin/../lib/gcc/i686-w64-mingw32/4.9.2/../../../../i686-w64-mingw32/bin/ld.exe: cannot find -lssl32
c:/mingw32/bin/../lib/gcc/i686-w64-mingw32/4.9.2/../../../../i686-w64-mingw32/bin/ld.exe: cannot find -leay32
collect2.exe: error: ld returned 1 exit status
configure:13693: $? = 1
configure: failed program was:
| /* confdefs.h */
| #define PACKAGE_NAME "libevent"
| #define PACKAGE_TARNAME "libevent"
| #define PACKAGE_VERSION "2.1.12-stable"
| #define PACKAGE_STRING "libevent 2.1.12-stable"
| #define PACKAGE_BUGREPORT ""
| #define PACKAGE_URL ""
| #define PACKAGE "libevent"
| #define VERSION "2.1.12-stable"
| #define NUMERIC_VERSION 0x02010c00
| #define STDC_HEADERS 1
| #define HAVE_SYS_TYPES_H 1
| #define HAVE_SYS_STAT_H 1
| #define HAVE_STDLIB_H 1
| #define HAVE_STRING_H 1
| #define HAVE_MEMORY_H 1
| #define HAVE_STRINGS_H 1
| #define HAVE_INTTYPES_H 1
| #define HAVE_STDINT_H 1
| #define HAVE_UNISTD_H 1
| #define __EXTENSIONS__ 1
| #define _ALL_SOURCE 1
| #define _GNU_SOURCE 1
| #define _POSIX_PTHREAD_SEMANTICS 1
| #define _TANDEM_SOURCE 1
| #define LT_OBJDIR ".libs/"
| #define HAVE_CLOCK_GETTIME 1
| #define HAVE_ZLIB_H 1
| #define HAVE_LIBZ 1
| #define _FILE_OFFSET_BITS 64
| /* end confdefs.h.  */
| 
| /* Override any GCC internal prototype to avoid an error.
|    Use char because int might match the return type of a GCC
|    builtin and then its argument prototype would still apply.  */
| #ifdef __cplusplus
| extern "C"
| #endif
| char SSL_new ();
| int
| main ()
| {
| return SSL_new ();
|   ;
|   return 0;
| }
configure:13710: result: no
configure:13730: checking openssl/ssl.h usability
configure:13730: gcc -c -g -O2 -Wall -fno-strict-aliasing   conftest.c >&5
conftest.c:65:25: fatal error: openssl/ssl.h: No such file or directory
 #include <openssl/ssl.h>
                         ^
compilation terminated.
configure:13730: $? = 1
configure: failed program was:
| /* confdefs.h */
| #define PACKAGE_NAME "libevent"
| #define PACKAGE_TARNAME "libevent"
| #define PACKAGE_VERSION "2.1.12-stable"
| #define PACKAGE_STRING "libevent 2.1.12-stable"
| #define PACKAGE_BUGREPORT ""
| #define PACKAGE_URL ""
| #define PACKAGE "libevent"
| #define VERSION "2.1.12-stable"
| #define NUMERIC_VERSION 0x02010c00
| #define STDC_HEADERS 1
| #define HAVE_SYS_TYPES_H 1
| #define HAVE_SYS_STAT_H 1
| #define HAVE_STDLIB_H 1
| #define HAVE_STRING_H 1
| #define HAVE_MEMORY_H 1
| #define HAVE_STRINGS_H 1
| #define HAVE_INTTYPES_H 1
| #define HAVE_STDINT_H 1
| #define HAVE_UNISTD_H 1
| #define __EXTENSIONS__ 1
| #define _ALL_SOURCE 1
| #define _GNU_SOURCE 1
| #define _POSIX_PTHREAD_SEMANTICS 1
| #define _TANDEM_SOURCE 1
| #define LT_OBJDIR ".libs/"
| #define HAVE_CLOCK_GETTIME 1
| #define HAVE_ZLIB_H 1
| #define HAVE_LIBZ 1
| #define _FILE_OFFSET_BITS 64
| /* end confdefs.h.  */
| #include <stdio.h>
| #ifdef HAVE_SYS_TYPES_H
| # include <sys/types.h>
| #endif
| #ifdef HAVE_SYS_STAT_H
| # include <sys/stat.h>
| #endif
| #ifdef STDC_HEADERS
| # include <stdlib.h>
| # include <stddef.h>
| #else
| # ifdef HAVE_STDLIB_H
| #  include <stdlib.h>
| # endif
| #endif
| #ifdef HAVE_STRING_H
| # if !defined STDC_HEADERS && defined HAVE_MEMORY_H
| #  include <memory.h>
| # endif
| # include <string.h>
| #endif
| #ifdef HAVE_STRINGS_H
| # include <strings.h>
| #endif
| #ifdef HAVE_INTTYPES_H
| # include <inttypes.h>
| #endif
| #ifdef HAVE_STDINT_H
| # include <stdint.h>
| #endif
| #ifdef HAVE_UNISTD_H
| # include <unistd.h>
| #endif
| #include <openssl/ssl.h>
configure:13730: result: no
configure:13730: checking openssl/ssl.h presence
configure:13730: gcc -E   conftest.c
conftest.c:32:25: fatal error: openssl/ssl.h: No such file or directory
 #include <openssl/ssl.h>
                         ^
compilation terminated.
configure:13730: $? = 1
configure: failed program was:
| /* confdefs.h */
| #define PACKAGE_NAME "libevent"
| #define PACKAGE_TARNAME "libevent"
| #define PACKAGE_VERSION "2.1.12-stable"
| #define PACKAGE_STRING "libevent 2.1.12-stable"
| #define PACKAGE_BUGREPORT ""
| #define PACKAGE_URL ""
| #define PACKAGE "libevent"
| #define VERSION "2.1.12-stable"
| #define NUMERIC_VERSION 0x02010c00
| #define STDC_HEADERS 1
| #define HAVE_SYS_TYPES_H 1
| #define HAVE_SYS_STAT_H 1
| #define HAVE_STDLIB_H 1
| #define HAVE_STRING_H 1
| #define HAVE_MEMORY_H 1
| #define HAVE_STRINGS_H 1
| #define HAVE_INTTYPES_H 1
| #define HAVE_STDINT_H 1
| #define HAVE_UNISTD_H 1
| #define __EXTENSIONS__ 1
| #define _ALL_SOURCE 1
| #define _GNU_SOURCE 1
| #define _POSIX_PTHREAD_SEMANTICS 1
| #define _TANDEM_SOURCE 1
| #define LT_OBJDIR ".libs/"
| #define HAVE_CLOCK_GETTIME 1
| #define HAVE_ZLIB_H 1
| #define HAVE_LIBZ 1
| #define _FILE_OFFSET_BITS 64
| /* end confdefs.h.  */
| #include <openssl/ssl.h>
configure:13730: result: no
configure:13730: checking for openssl/ssl.h
configure:13730: result: no
configure:13749: error: openssl is a must but can not be found. You should add the directory containing `openssl.pc' to the `PKG_CONFIG_PATH' environment variable, or set `CFLAGS' and `LDFLAGS' directly for openssl, or use `--disable-openssl' to disable support for openssl encryption

## ---------------- ##
## Cache variables. ##
## ---------------- ##

ac_cv_build=i686-pc-mingw32
ac_cv_c_compiler_gnu=yes
ac_cv_env_CC_set=
ac_cv_env_CC_value=
ac_cv_env_CFLAGS_set=
ac_cv_env_CFLAGS_value=
ac_cv_env_CPPFLAGS_set=
ac_cv_env_CPPFLAGS_value=
ac_cv_env_CPP_set=
ac_cv_env_CPP_value=
ac_cv_env_DOXYGEN_PAPER_SIZE_set=
ac_cv_env_DOXYGEN_PAPER_SIZE_value=
ac_cv_env_LDFLAGS_set=
ac_cv_env_LDFLAGS_value=
ac_cv_env_LIBS_set=
ac_cv_env_LIBS_value=
ac_cv_env_LT_SYS_LIBRARY_PATH_set=
ac_cv_env_LT_SYS_LIBRARY_PATH_value=
ac_cv_env_build_alias_set=
ac_cv_env_build_alias_value=
ac_cv_env_host_alias_set=
ac_cv_env_host_alias_value=
ac_cv_env_target_alias_set=
ac_cv_env_target_alias_value=
ac_cv_exeext=.exe
ac_cv_func_clock_gettime=yes
ac_cv_header_dlfcn_h=no
ac_cv_header_inttypes_h=yes
ac_cv_header_memory_h=yes
ac_cv_header_minix_config_h=no
ac_cv_header_openssl_ssl_h=no
ac_cv_header_stdc=yes
ac_cv_header_stdint_h=yes
ac_cv_header_stdlib_h=yes
ac_cv_header_string_h=yes
ac_cv_header_strings_h=yes
ac_cv_header_sys_stat_h=yes
ac_cv_header_sys_types_h=yes
ac_cv_header_unistd_h=yes
ac_cv_header_zlib_h=yes
ac_cv_host=i686-pc-mingw32
ac_cv_objext=o
ac_cv_path_EGREP='/bin/grep -E'
ac_cv_path_FGREP='/bin/grep -F'
ac_cv_path_GREP=/bin/grep
ac_cv_path_SED=/bin/sed
ac_cv_path_install='/bin/install -c'
ac_cv_path_mkdir=/bin/mkdir
ac_cv_prog_AWK=gawk
ac_cv_prog_CPP='gcc -E'
ac_cv_prog_ac_ct_AR=ar
ac_cv_prog_ac_ct_CC=gcc
ac_cv_prog_ac_ct_DLLTOOL=dlltool
ac_cv_prog_ac_ct_OBJDUMP=objdump
ac_cv_prog_ac_ct_RANLIB=ranlib
ac_cv_prog_ac_ct_STRIP=strip
ac_cv_prog_cc_c89=
ac_cv_prog_cc_g=yes
ac_cv_prog_gcc_traditional=no
ac_cv_prog_make_make_set=yes
ac_cv_safe_to_define___extensions__=yes
ac_cv_search_SSL_new=no
ac_cv_search_clock_gettime='none required'
ac_cv_search_inet_aton=no
ac_cv_search_inet_ntoa=no
ac_cv_search_inflateEnd=-lz
ac_cv_search_sendfile=no
ac_cv_search_socket=no
ac_cv_sys_file_offset_bits=64
ac_cv_sys_largefile_CC=no
am_cv_CC_dependencies_compiler_type=gcc3
am_cv_make_support_nested_variables=yes
am_cv_prog_cc_c_o=yes
lt_cv_ar_at_file=@
lt_cv_deplibs_check_method='file_magic ^x86 archive import|^x86 DLL'
lt_cv_file_magic_cmd=func_win32_libid
lt_cv_file_magic_test_file=
lt_cv_ld_reload_flag=-r
lt_cv_nm_interface='BSD nm'
lt_cv_objdir=.libs
lt_cv_path_LD=c:/mingw32/i686-w64-mingw32/bin/ld.exe
lt_cv_path_NM='/c/mingw32/bin/nm -B'
lt_cv_path_mainfest_tool=no
lt_cv_prog_compiler_c_o=yes
lt_cv_prog_compiler_pic='-DDLL_EXPORT -DPIC'
lt_cv_prog_compiler_pic_works=yes
lt_cv_prog_compiler_rtti_exceptions=no
lt_cv_prog_compiler_static_works=yes
lt_cv_prog_gnu_ld=yes
lt_cv_sharedlib_from_linklib_cmd=func_cygming_dll_for_implib
lt_cv_sys_global_symbol_pipe='sed -n -e '\''s/^.*[	 ]\([ABCDGIRSTW][ABCDGIRSTW]*\)[	 ][	 ]*_\([_A-Za-z][_A-Za-z0-9]*\)\{0,1\}$/\1 _\2 \2/p'\'' | sed '\''/ __gnu_lto/d'\'''
lt_cv_sys_global_symbol_to_c_name_address='sed -n -e '\''s/^: \(.*\) .*$/  {"\1", (void *) 0},/p'\'' -e '\''s/^[ABCDGIRSTW][ABCDGIRSTW]* .* \(.*\)$/  {"\1", (void *) \&\1},/p'\'''
lt_cv_sys_global_symbol_to_c_name_address_lib_prefix='sed -n -e '\''s/^: \(.*\) .*$/  {"\1", (void *) 0},/p'\'' -e '\''s/^[ABCDGIRSTW][ABCDGIRSTW]* .* \(lib.*\)$/  {"\1", (void *) \&\1},/p'\'' -e '\''s/^[ABCDGIRSTW][ABCDGIRSTW]* .* \(.*\)$/  {"lib\1", (void *) \&\1},/p'\'''
lt_cv_sys_global_symbol_to_cdecl='sed -n -e '\''s/^T .* \(.*\)$/extern int \1();/p'\'' -e '\''s/^[ABCDGIRSTW][ABCDGIRSTW]* .* \(.*\)$/extern char \1;/p'\'''
lt_cv_sys_global_symbol_to_import=
lt_cv_sys_max_cmd_len=8192
lt_cv_to_host_file_cmd=func_convert_file_msys_to_w32
lt_cv_to_tool_file_cmd=func_convert_file_msys_to_w32
lt_cv_truncate_bin='/bin/sed -e 4q'

## ----------------- ##
## Output variables. ##
## ----------------- ##

ACLOCAL='${SHELL} /c/Deps/libevent-2.1.12-stable/build-aux/missing aclocal-1.16'
AMDEPBACKSLASH='\'
AMDEP_FALSE='#'
AMDEP_TRUE=''
AMTAR='$${TAR-tar}'
AM_BACKSLASH='\'
AM_DEFAULT_V='$(AM_DEFAULT_VERBOSITY)'
AM_DEFAULT_VERBOSITY='0'
AM_V='$(V)'
AR='ar'
AUTOCONF='${SHELL} /c/Deps/libevent-2.1.12-stable/build-aux/missing autoconf'
AUTOHEADER='${SHELL} /c/Deps/libevent-2.1.12-stable/build-aux/missing autoheader'
AUTOMAKE='${SHELL} /c/Deps/libevent-2.1.12-stable/build-aux/missing automake-1.16'
AWK='gawk'
BUILD_CYGWIN_FALSE=''
BUILD_CYGWIN_TRUE=''
BUILD_MIDIPIX_FALSE=''
BUILD_MIDIPIX_TRUE=''
BUILD_REGRESS_FALSE='#'
BUILD_REGRESS_TRUE=''
BUILD_SAMPLES_FALSE='#'
BUILD_SAMPLES_TRUE=''
BUILD_WIN32_FALSE=''
BUILD_WIN32_TRUE=''
BUILD_WITH_NO_UNDEFINED_FALSE=''
BUILD_WITH_NO_UNDEFINED_TRUE=''
CC='gcc'
CCDEPMODE='depmode=gcc3'
CFLAGS='-g -O2 -Wall -fno-strict-aliasing'
CPP='gcc -E'
CPPFLAGS=''
CYGPATH_W='echo'
DEFS=''
DEPDIR='.deps'
DEVPOLL_BACKEND_FALSE=''
DEVPOLL_BACKEND_TRUE=''
DLLTOOL='dlltool'
DOT_PATH=''
DOXYGEN_PAPER_SIZE=''
DSYMUTIL=''
DUMPBIN=''
DX_CONFIG=''
DX_DOCDIR=''
DX_DOT=''
DX_DOXYGEN=''
DX_DVIPS=''
DX_EGREP=''
DX_ENV=''
DX_FLAG_chi=''
DX_FLAG_chm=''
DX_FLAG_doc=''
DX_FLAG_dot=''
DX_FLAG_html=''
DX_FLAG_man=''
DX_FLAG_pdf=''
DX_FLAG_ps=''
DX_FLAG_rtf=''
DX_FLAG_xml=''
DX_HHC=''
DX_LATEX=''
DX_MAKEINDEX=''
DX_PDFLATEX=''
DX_PERL=''
DX_PROJECT=''
DX_RULES=''
ECHO_C=''
ECHO_N='-n'
ECHO_T=''
EGREP='/bin/grep -E'
ENABLE_DOXYGEN_FALSE=''
ENABLE_DOXYGEN_MAN_FALSE=''
ENABLE_DOXYGEN_MAN_TRUE=''
ENABLE_DOXYGEN_TRUE=''
EPOLL_BACKEND_FALSE=''
EPOLL_BACKEND_TRUE=''
EVPORT_BACKEND_FALSE=''
EVPORT_BACKEND_TRUE=''
EV_LIB_GDI='-lgdi32'
EV_LIB_WS32='-lws2_32'
EXEEXT='.exe'
FGREP='/bin/grep -F'
GENERATE_CHI=''
GENERATE_HTML=''
GENERATE_HTMLHELP=''
GENERATE_LATEX=''
GENERATE_MAN=''
GENERATE_RTF=''
GENERATE_XML=''
GREP='/bin/grep'
HAVE_DOT=''
HHC_PATH=''
INSTALL_DATA='${INSTALL} -m 644'
INSTALL_LIBEVENT_FALSE=''
INSTALL_LIBEVENT_TRUE=''
INSTALL_PROGRAM='${INSTALL}'
INSTALL_SCRIPT='${INSTALL}'
INSTALL_STRIP_PROGRAM='$(install_sh) -c -s'
KQUEUE_BACKEND_FALSE=''
KQUEUE_BACKEND_TRUE=''
LD='c:/mingw32/i686-w64-mingw32/bin/ld.exe'
LDFLAGS=''
LIBEVENT_GC_SECTIONS=''
LIBOBJS=''
LIBS=''
LIBTOOL='$(SHELL) $(top_builddir)/libtool'
LIBTOOL_DEPS='build-aux/ltmain.sh'
LIPO=''
LN_S='cp -pR'
LTLIBOBJS=''
LT_SYS_LIBRARY_PATH=''
MAKEINFO='${SHELL} /c/Deps/libevent-2.1.12-stable/build-aux/missing makeinfo'
MANIFEST_TOOL=':'
MKDIR_P='/bin/mkdir -p'
NM='/c/mingw32/bin/nm -B'
NMEDIT=''
OBJDUMP='objdump'
OBJEXT='o'
OPENSSL_FALSE=''
OPENSSL_INCS=''
OPENSSL_LIBADD=''
OPENSSL_LIBS=''
OPENSSL_TRUE=''
OTOOL64=''
OTOOL=''
PACKAGE='libevent'
PACKAGE_BUGREPORT=''
PACKAGE_NAME='libevent'
PACKAGE_STRING='libevent 2.1.12-stable'
PACKAGE_TARNAME='libevent'
PACKAGE_URL=''
PACKAGE_VERSION='2.1.12-stable'
PAPER_SIZE=''
PATH_SEPARATOR=':'
PERL_PATH=''
PKG_CONFIG=''
POLL_BACKEND_FALSE=''
POLL_BACKEND_TRUE=''
PROJECT=''
PTHREADS_FALSE=''
PTHREADS_TRUE=''
PTHREAD_CC=''
PTHREAD_CFLAGS=''
PTHREAD_LIBS=''
RANLIB='ranlib'
SED='/bin/sed'
SELECT_BACKEND_FALSE=''
SELECT_BACKEND_TRUE=''
SET_MAKE=''
SHELL='/bin/sh'
SIGNAL_SUPPORT_FALSE=''
SIGNAL_SUPPORT_TRUE=''
SRCDIR=''
STRIP='strip'
STRLCPY_IMPL_FALSE=''
STRLCPY_IMPL_TRUE=''
THREADS_FALSE=''
THREADS_TRUE=''
VERSION='2.1.12-stable'
ZLIB_LIBS='-lz '
ZLIB_REGRESS_FALSE='#'
ZLIB_REGRESS_TRUE=''
ac_ct_AR='ar'
ac_ct_CC='gcc'
ac_ct_DUMPBIN=''
acx_pthread_config=''
am__EXEEXT_FALSE=''
am__EXEEXT_TRUE=''
am__fastdepCC_FALSE='#'
am__fastdepCC_TRUE=''
am__include='include'
am__isrc=''
am__leading_dot='.'
am__nodep='_no'
am__quote=''
am__tar='$${TAR-tar} chof - "$$tardir"'
am__untar='$${TAR-tar} xf -'
bindir='${exec_prefix}/bin'
build='i686-pc-mingw32'
build_alias=''
build_cpu='i686'
build_os='mingw32'
build_vendor='pc'
datadir='${datarootdir}'
datarootdir='${prefix}/share'
docdir='${datarootdir}/doc/${PACKAGE_TARNAME}'
dvidir='${docdir}'
exec_prefix='NONE'
host='i686-pc-mingw32'
host_alias=''
host_cpu='i686'
host_os='mingw32'
host_vendor='pc'
htmldir='${docdir}'
includedir='${prefix}/include'
infodir='${datarootdir}/info'
install_sh='${SHELL} /c/Deps/libevent-2.1.12-stable/build-aux/install-sh'
libdir='${exec_prefix}/lib'
libexecdir='${exec_prefix}/libexec'
localedir='${datarootdir}/locale'
localstatedir='${prefix}/var'
mandir='${datarootdir}/man'
mkdir_p='$(MKDIR_P)'
oldincludedir='/usr/include'
pdfdir='${docdir}'
prefix='NONE'
program_transform_name='s,x,x,'
psdir='${docdir}'
sbindir='${exec_prefix}/sbin'
sharedstatedir='${prefix}/com'
sysconfdir='${prefix}/etc'
target_alias=''

## ----------- ##
## confdefs.h. ##
## ----------- ##

/* confdefs.h */
#define PACKAGE_NAME "libevent"
#define PACKAGE_TARNAME "libevent"
#define PACKAGE_VERSION "2.1.12-stable"
#define PACKAGE_STRING "libevent 2.1.12-stable"
#define PACKAGE_BUGREPORT ""
#define PACKAGE_URL ""
#define PACKAGE "libevent"
#define VERSION "2.1.12-stable"
#define NUMERIC_VERSION 0x02010c00
#define STDC_HEADERS 1
#define HAVE_SYS_TYPES_H 1
#define HAVE_SYS_STAT_H 1
#define HAVE_STDLIB_H 1
#define HAVE_STRING_H 1
#define HAVE_MEMORY_H 1
#define HAVE_STRINGS_H 1
#define HAVE_INTTYPES_H 1
#define HAVE_STDINT_H 1
#define HAVE_UNISTD_H 1
#define __EXTENSIONS__ 1
#define _ALL_SOURCE 1
#define _GNU_SOURCE 1
#define _POSIX_PTHREAD_SEMANTICS 1
#define _TANDEM_SOURCE 1
#define LT_OBJDIR ".libs/"
#define HAVE_CLOCK_GETTIME 1
#define HAVE_ZLIB_H 1
#define HAVE_LIBZ 1
#define _FILE_OFFSET_BITS 64

configure: exit 1
